#
# A fatal error has been detected by the Java Runtime Environment:
#
#  EXCEPTION_ACCESS_VIOLATION (0xc0000005) at pc=0x00007ffd8f813aa7, pid=15072, tid=9200
#
# JRE version: Java(TM) SE Runtime Environment (21.0.2+13) (build 21.0.2+13-LTS-58)
# Java VM: Java HotSpot(TM) 64-Bit Server VM (21.0.2+13-LTS-58, mixed mode, sharing, tiered, compressed oops, compressed class ptrs, g1 gc, windows-amd64)
# Problematic frame:
# C  [ig9icd64.dll+0x23aa7]
#
# No core dump will be written. Minidumps are not enabled by default on client versions of Windows
#
# If you would like to submit a bug report, please visit:
#   https://bugreport.java.com/bugreport/crash.jsp
# The crash happened outside the Java Virtual Machine in native code.
# See problematic frame for where to report the bug.
#

---------------  S U M M A R Y ------------

Command Line: -Dfile.encoding=UTF-8 -Djava.library.path=C:/Users/lkbao/Desktop/CS4450-Computer_Graphic/lwjgl-2.9.2/lwjgl-2.9.2/native/windows --module-path=C:\Users\lkbao\Desktop\CS4450-Computer_Graphic\BasicDraw\build\classes basicdraw.BasicDraw coordinates.txt

Host: Intel(R) Core(TM) i7-10510U CPU @ 1.80GHz, 8 cores, 15G,  Windows 11 , 64 bit Build 22621 (10.0.22621.2506)
Time: Tue Feb 13 11:39:16 2024 Pacific Standard Time elapsed time: 7.182191 seconds (0d 0h 0m 7s)

---------------  T H R E A D  ---------------

Current thread (0x0000020b84f8c150):  JavaThread "main"             [_thread_in_native, id=9200, stack(0x000000f06fb00000,0x000000f06fc00000) (1024K)]

Stack: [0x000000f06fb00000,0x000000f06fc00000],  sp=0x000000f06fbff430,  free space=1021k
Native frames: (J=compiled Java code, j=interpreted, Vv=VM code, C=native code)
C  [ig9icd64.dll+0x23aa7]

Java frames: (J=compiled Java code, j=interpreted, Vv=VM code)
J 504  org.lwjgl.opengl.GL11.nglClear(IJ)V (0 bytes) @ 0x0000020b968f6f9c [0x0000020b968f6f40+0x000000000000005c]
J 503 c1 org.lwjgl.opengl.GL11.glClear(I)V (19 bytes) @ 0x0000020b8eea4d1c [0x0000020b8eea48c0+0x000000000000045c]
j  basicdraw.BasicDraw.renderLine(IIII)V+50
j  basicdraw.BasicDraw.start()V+19
j  basicdraw.BasicDraw.main([Ljava/lang/String;)V+9
v  ~StubRoutines::call_stub 0x0000020b9633100d

siginfo: EXCEPTION_ACCESS_VIOLATION (0xc0000005), writing address 0x0000020befbe0000


Registers:
RAX=0x00000000680b0000, RBX=0x0000020ba676b6e8, RCX=0x0000020befbe0000, RDX=0x00007ffd9071c510
RSP=0x000000f06fbff430, RBP=0x0000020ba6736b80, RSI=0x0000000000000280, RDI=0x0000000000000000
R8 =0x0000000000000004, R9 =0x0000000000000000, R10=0xa201879b5e5a7b70, R11=0x0000020b8eea48c0
R12=0x0000000000000000, R13=0x000000f06fbff6f0, R14=0x0000020ba65e27a0, R15=0x0000000000000000
RIP=0x00007ffd8f813aa7, EFLAGS=0x0000000000010202


Register to memory mapping:

RAX=0x00000000680b0000 is an unknown value
RBX=0x0000020ba676b6e8 points into unknown readable memory: 0x0000020b00000000 | 00 00 00 00 0b 02 00 00
RCX=0x0000020befbe0000 is an unknown value
RDX=0x00007ffd9071c510 ig9icd64.dll
RSP=0x000000f06fbff430 is pointing into the stack for thread: 0x0000020b84f8c150
RBP=0x0000020ba6736b80 points into unknown readable memory: 0x0000020ba66f2000 | 00 20 6f a6 0b 02 00 00
RSI=0x0000000000000280 is an unknown value
RDI=0x0 is null
R8 =0x0000000000000004 is an unknown value
R9 =0x0 is null
R10=0xa201879b5e5a7b70 is an unknown value
R11=0x0000020b8eea48c0 is at entry_point+0 in (nmethod*)0x0000020b8eea4690
Compiled method (c1)    7241  503       3       org.lwjgl.opengl.GL11::glClear (19 bytes)
 total in heap  [0x0000020b8eea4690,0x0000020b8eea5320] = 3216
 relocation     [0x0000020b8eea47f0,0x0000020b8eea48b8] = 200
 main code      [0x0000020b8eea48c0,0x0000020b8eea5008] = 1864
 stub code      [0x0000020b8eea5008,0x0000020b8eea5080] = 120
 oops           [0x0000020b8eea5080,0x0000020b8eea5090] = 16
 metadata       [0x0000020b8eea5090,0x0000020b8eea50c8] = 56
 scopes data    [0x0000020b8eea50c8,0x0000020b8eea51a0] = 216
 scopes pcs     [0x0000020b8eea51a0,0x0000020b8eea52f0] = 336
 dependencies   [0x0000020b8eea52f0,0x0000020b8eea52f8] = 8
 nul chk table  [0x0000020b8eea52f8,0x0000020b8eea5320] = 40
R12=0x0 is null
R13=0x000000f06fbff6f0 is pointing into the stack for thread: 0x0000020b84f8c150
R14=0x0000020ba65e27a0 points into unknown readable memory: 0x0000020000000000 | 00 00 00 00 00 02 00 00
R15=0x0 is null

Top of Stack: (sp=0x000000f06fbff430)
0x000000f06fbff430:   0000000000000007 0000000000000000
0x000000f06fbff440:   0000000000000001 0000020ba676f720
0x000000f06fbff450:   0000000000000000 00007ffd900b5faf
0x000000f06fbff460:   0000000000000000 000001e000000280
0x000000f06fbff470:   000000f06fbff460 000000f06fbff490
0x000000f06fbff480:   000000f06fbff450 0000000000000000
0x000000f06fbff490:   0000000000000000 3f80000000000000
0x000000f06fbff4a0:   3ff0000000000000 0000020b00000700
0x000000f06fbff4b0:   00009337d4644ade 0000000000000000
0x000000f06fbff4c0:   0000000000004100 0000020ba6736b80
0x000000f06fbff4d0:   0000000000000280 00000000000001e0
0x000000f06fbff4e0:   000000f06fbff5a0 00007ffd901fa79a
0x000000f06fbff4f0:   0000000000000000 000000f06fbff6f0
0x000000f06fbff500:   000000f06fbff5a0 0000000000000000
0x000000f06fbff510:   0000000000000000 00007ffd00000280
0x000000f06fbff520:   00000000000001e0 3ff0000000000002
0x000000f06fbff530:   000000f06fbff540 000000f06fbff707
0x000000f06fbff540:   0000000000000000 0000000000000000
0x000000f06fbff550:   0000020b84f8c150 000000f06fbff610
0x000000f06fbff560:   0000000000000000 0000020ba676bba0
0x000000f06fbff570:   0000000000010048 00007ffd9013ed71
0x000000f06fbff580:   0000020ba6736b80 0000020ba6736b80
0x000000f06fbff590:   000000f06fbff620 0000000000010048
0x000000f06fbff5a0:   0000000000000000 000001e000000280
0x000000f06fbff5b0:   000000000000fa48 0000020b968f7037
0x000000f06fbff5c0:   0000000000004100 00007ffdd77f6250
0x000000f06fbff5d0:   00007ffdd77f9830 000000f06fbff6f8
0x000000f06fbff5e0:   0000020b9634448b 0000020b96338190
0x000000f06fbff5f0:   0000000712ae77a0 0000020000000000
0x000000f06fbff600:   000000f06fbff740 0000020b8eea5dbc
0x000000f06fbff610:   0000000712ae77a0 00007ffd73294eed
0x000000f06fbff620:   000000f06fbff740 0000020b8eea4d1c 

Instructions: (pc=0x00007ffd8f813aa7)
0x00007ffd8f8139a7:   bb b0 00 00 00 48 89 bb b8 00 00 00 0f 57 c0 33
0x00007ffd8f8139b7:   c0 0f 11 83 c0 00 00 00 0f 11 83 d0 00 00 00 48
0x00007ffd8f8139c7:   89 83 e0 00 00 00 0f 11 83 e8 00 00 00 48 89 bb
0x00007ffd8f8139d7:   00 01 00 00 48 89 bb 08 01 00 00 48 89 bb 10 01
0x00007ffd8f8139e7:   00 00 48 89 bb 18 01 00 00 48 8d 8b 20 01 00 00
0x00007ffd8f8139f7:   48 8d 05 62 72 57 00 48 89 44 24 20 4c 8d 0d 76
0x00007ffd8f813a07:   72 57 00 8d 57 28 44 8d 47 02 e8 d2 85 51 00 0f
0x00007ffd8f813a17:   57 c0 0f 11 83 70 01 00 00 48 89 bb 80 01 00 00
0x00007ffd8f813a27:   48 89 bb 88 01 00 00 48 8b c3 48 8b 5c 24 48 48
0x00007ffd8f813a37:   83 c4 30 5f c3 cc cc cc cc 48 ff 25 f1 e7 ae 00
0x00007ffd8f813a47:   cc cc cc cc cc cc cc cc cc 48 ff 25 a9 e6 ae 00
0x00007ffd8f813a57:   cc cc cc cc cc cc cc cc cc 48 83 ec 28 4d 85 c0
0x00007ffd8f813a67:   0f 84 60 04 00 00 49 83 f8 04 77 3b 49 83 f8 01
0x00007ffd8f813a77:   75 0a 0f b6 02 88 01 48 83 c4 28 c3 49 83 f8 02
0x00007ffd8f813a87:   0f 84 3a 04 00 00 49 83 f8 03 75 12 0f b7 02 66
0x00007ffd8f813a97:   89 01 0f b6 42 02 88 41 02 48 83 c4 28 c3 8b 02
0x00007ffd8f813aa7:   89 01 48 83 c4 28 c3 49 83 f8 08 76 2f f6 c1 03
0x00007ffd8f813ab7:   74 2a f6 c1 01 74 0e 0f b6 02 49 ff c8 88 01 48
0x00007ffd8f813ac7:   ff c1 48 ff c2 f6 c1 02 74 12 0f b7 02 49 83 e8
0x00007ffd8f813ad7:   02 66 89 01 48 83 c1 02 48 83 c2 02 49 83 f8 40
0x00007ffd8f813ae7:   0f 87 88 00 00 00 49 8b c0 48 83 e0 fc 48 03 c8
0x00007ffd8f813af7:   48 03 d0 49 8b c0 48 c1 e8 02 48 ff c8 48 83 f8
0x00007ffd8f813b07:   0f 0f 87 9f 03 00 00 4c 8d 0d eb c4 fd ff 41 8b
0x00007ffd8f813b17:   84 81 d4 3e 02 00 49 03 c1 ff e0 8b 42 c0 89 41
0x00007ffd8f813b27:   c0 8b 42 c4 89 41 c4 8b 42 c8 89 41 c8 8b 42 cc
0x00007ffd8f813b37:   89 41 cc 8b 42 d0 89 41 d0 8b 42 d4 89 41 d4 8b
0x00007ffd8f813b47:   42 d8 89 41 d8 8b 42 dc 89 41 dc 8b 42 e0 89 41
0x00007ffd8f813b57:   e0 8b 42 e4 89 41 e4 8b 42 e8 89 41 e8 8b 42 ec
0x00007ffd8f813b67:   89 41 ec 8b 42 f0 89 41 f0 e9 26 03 00 00 48 8b
0x00007ffd8f813b77:   c1 83 e0 0f 74 3d 41 b9 10 00 00 00 4c 2b c8 49
0x00007ffd8f813b87:   8b c1 49 03 c9 48 c1 e8 02 49 03 d1 48 83 e8 01
0x00007ffd8f813b97:   74 18 48 83 e8 01 74 0c 48 83 f8 01 75 12 8b 42 


Stack slot to memory mapping:

stack at sp + 0 slots: 0x0000000000000007 is an unknown value
stack at sp + 1 slots: 0x0 is null
stack at sp + 2 slots: 0x0000000000000001 is an unknown value
stack at sp + 3 slots: 0x0000020ba676f720 points into unknown readable memory: 0xffffffff00000001 | 01 00 00 00 ff ff ff ff
stack at sp + 4 slots: 0x0 is null
stack at sp + 5 slots: 0x00007ffd900b5faf ig9icd64.dll
stack at sp + 6 slots: 0x0 is null
stack at sp + 7 slots: 0x000001e000000280 is an unknown value


Compiled method (n/a)    7262  504     n 0       org.lwjgl.opengl.GL11::nglClear (native)
 total in heap  [0x0000020b968f6d90,0x0000020b968f7168] = 984
 relocation     [0x0000020b968f6ef0,0x0000020b968f6f28] = 56
 main code      [0x0000020b968f6f40,0x0000020b968f715b] = 539
 stub code      [0x0000020b968f715b,0x0000020b968f7160] = 5
 oops           [0x0000020b968f7160,0x0000020b968f7168] = 8

[Constant Pool (empty)]

[MachCode]
[Entry Point]
  # {method} {0x0000020be84bf190} 'nglClear' '(IJ)V' in 'org/lwjgl/opengl/GL11'
  # parm0:    rdx       = int
  # parm1:    r8:r8     = long
  #           [sp+0x70]  (sp of caller)
  0x0000020b968f6f40: 448b 5208 | 49bb 0000 | 00a7 0b02 | 0000 4d03 | d349 3bc2 | 0f84 0600 

  0x0000020b968f6f58: ;   {runtime_call ic_miss_stub}
  0x0000020b968f6f58: 0000 e921 | 78a8 ff90 
[Verified Entry Point]
  0x0000020b968f6f60: 8984 2400 | 80ff ff55 | 488b ec48 | 83ec 6090 | 4181 7f20 | 0100 0000 

  0x0000020b968f6f78: ;   {runtime_call StubRoutines (final stubs)}
  0x0000020b968f6f78: 7405 e8e1 | dda6 ff4d | 8bc8 4c8b 

  0x0000020b968f6f84: ;   {oop(a 'java/lang/Class'{0x0000000712ae77a0} = 'org/lwjgl/opengl/GL11')}
  0x0000020b968f6f84: c249 bea0 | 77ae 1207 | 0000 004c | 8974 2450 | 4c8d 7424 | 5049 8bd6 

  0x0000020b968f6f9c: ;   {internal_word}
  0x0000020b968f6f9c: c5f8 7749 | ba9c 6f8f | 960b 0200 | 004d 8997 | a003 0000 | 4989 a798 

  0x0000020b968f6fb4: ;   {external_word}
  0x0000020b968f6fb4: 0300 0049 | baf9 45ae | 73fd 7f00 | 0041 803a | 000f 844e | 0000 0052 | 4150 4151 

  0x0000020b968f6fd0: ;   {metadata({method} {0x0000020be84bf190} 'nglClear' '(IJ)V' in 'org/lwjgl/opengl/GL11')}
  0x0000020b968f6fd0: 48ba 88f1 | 4be8 0b02 | 0000 498b | cf48 83ec | 2040 f6c4 | 0f0f 8419 | 0000 0048 

  0x0000020b968f6fec: ;   {runtime_call}
  0x0000020b968f6fec: 83ec 0848 | b840 095f | 73fd 7f00 | 00ff d048 | 83c4 08e9 | 0c00 0000 

  0x0000020b968f7004: ;   {runtime_call}
  0x0000020b968f7004: 48b8 4009 | 5f73 fd7f | 0000 ffd0 | 4883 c420 | 4159 4158 | 5a49 8d8f | b803 0000 | 41c7 874c 
  0x0000020b968f7024: 0400 0004 

  0x0000020b968f7028: ;   {runtime_call}
  0x0000020b968f7028: 0000 0048 | b840 c300 | 8001 0000 | 00ff d0c5 | f877 41c7 | 874c 0400 | 0005 0000 | 00f0 8344 
  0x0000020b968f7048: 24c0 0049 | 3baf 5004 | 0000 0f87 | 0e00 0000 | 4183 bf48 | 0400 0000 | 0f84 2300 | 0000 c5f8 
  0x0000020b968f7068: 7749 8bcf | 4c8b e448 | 83ec 2048 

  0x0000020b968f7074: ;   {runtime_call}
  0x0000020b968f7074: 83e4 f048 | b8d0 c32a | 73fd 7f00 | 00ff d049 | 8be4 4d33 | e441 c787 | 4c04 0000 | 0800 0000 
  0x0000020b968f7094: 4183 bfc8 | 0400 0002 | 0f84 9400 

  0x0000020b968f70a0: ;   {external_word}
  0x0000020b968f70a0: 0000 49ba | f945 ae73 | fd7f 0000 | 4180 3a00 | 0f84 4400 

  0x0000020b968f70b4: ;   {metadata({method} {0x0000020be84bf190} 'nglClear' '(IJ)V' in 'org/lwjgl/opengl/GL11')}
  0x0000020b968f70b4: 0000 48ba | 88f1 4be8 | 0b02 0000 | 498b cf48 | 83ec 2040 | f6c4 0f0f | 8419 0000 | 0048 83ec 
  0x0000020b968f70d4: ;   {runtime_call}
  0x0000020b968f70d4: 0848 b840 | 095f 73fd | 7f00 00ff | d048 83c4 | 08e9 0c00 

  0x0000020b968f70e8: ;   {runtime_call}
  0x0000020b968f70e8: 0000 48b8 | 4009 5f73 | fd7f 0000 | ffd0 4883 | c420 49c7 | 8798 0300 | 0000 0000 | 0049 c787 
  0x0000020b968f7108: a003 0000 | 0000 0000 | c5f8 7749 | 8b8f 2804 | 0000 c781 | 0001 0000 | 0000 0000 | c949 837f 
  0x0000020b968f7128: 0800 0f85 | 0100 0000 

  0x0000020b968f7130: ;   {runtime_call StubRoutines (initial stubs)}
  0x0000020b968f7130: c3e9 ca9d | a3ff c5f8 | 774c 8be4 | 4883 ec20 | 4883 e4f0 

  0x0000020b968f7144: ;   {runtime_call}
  0x0000020b968f7144: 48b8 7041 | 5f73 fd7f | 0000 ffd0 | 498b e44d | 33e4 e947 | ffff fff4 | f4f4 f4f4 
[/MachCode]


Compiled method (c1)    7269  503       3       org.lwjgl.opengl.GL11::glClear (19 bytes)
 total in heap  [0x0000020b8eea4690,0x0000020b8eea5320] = 3216
 relocation     [0x0000020b8eea47f0,0x0000020b8eea48b8] = 200
 main code      [0x0000020b8eea48c0,0x0000020b8eea5008] = 1864
 stub code      [0x0000020b8eea5008,0x0000020b8eea5080] = 120
 oops           [0x0000020b8eea5080,0x0000020b8eea5090] = 16
 metadata       [0x0000020b8eea5090,0x0000020b8eea50c8] = 56
 scopes data    [0x0000020b8eea50c8,0x0000020b8eea51a0] = 216
 scopes pcs     [0x0000020b8eea51a0,0x0000020b8eea52f0] = 336
 dependencies   [0x0000020b8eea52f0,0x0000020b8eea52f8] = 8
 nul chk table  [0x0000020b8eea52f8,0x0000020b8eea5320] = 40

[Constant Pool (empty)]

[MachCode]
[Verified Entry Point]
  # {method} {0x0000020be84bf100} 'glClear' '(I)V' in 'org/lwjgl/opengl/GL11'
  # parm0:    rdx       = int
  #           [sp+0xc0]  (sp of caller)
  0x0000020b8eea48c0: e9bb 2d49 | 07ff ff55 | 4881 ecb0 | 0000 0090 | 4181 7f20 | 0100 0000 

  0x0000020b8eea48d8: ;   {runtime_call StubRoutines (final stubs)}
  0x0000020b8eea48d8: 7405 e881 | 044c 0789 | 9424 8000 

  0x0000020b8eea48e4: ;   {metadata(method data for {method} {0x0000020be84bf100} 'glClear' '(I)V' in 'org/lwjgl/opengl/GL11')}
  0x0000020b8eea48e4: 0000 49b8 | e02e 4fe8 | 0b02 0000 | 418b b0cc | 0000 0083 | c602 4189 | b0cc 0000 | 0081 e6fe 
  0x0000020b8eea4904: 0700 0085 | f60f 848a 

  0x0000020b8eea490c: ;   {metadata(method data for {method} {0x0000020be84bf100} 'glClear' '(I)V' in 'org/lwjgl/opengl/GL11')}
  0x0000020b8eea490c: 0500 0049 | b8e0 2e4f | e80b 0200 | 0049 8380 | 1001 0000 

  0x0000020b8eea4920: ;   {metadata(method data for {method} {0x0000020be84358e8} 'getCapabilities' '()Lorg/lwjgl/opengl/ContextCapabilities;' in 'org/lwjgl/opengl/GLContext')}
  0x0000020b8eea4920: 0149 b8e0 | a54e e80b | 0200 0041 | 8bb0 cc00 | 0000 83c6 | 0241 89b0 | cc00 0000 | 81e6 feff 
  0x0000020b8eea4940: 1f00 85f6 | 0f84 7005 

  0x0000020b8eea4948: ;   {metadata(method data for {method} {0x0000020be84358e8} 'getCapabilities' '()Lorg/lwjgl/opengl/ContextCapabilities;' in 'org/lwjgl/opengl/GLContext')}
  0x0000020b8eea4948: 0000 49b8 | e0a5 4ee8 | 0b02 0000 | 4983 8010 | 0100 0001 

  0x0000020b8eea495c: ;   {metadata(method data for {method} {0x0000020be84359a8} 'getCapabilitiesImpl' '()Lorg/lwjgl/opengl/ContextCapabilities;' in 'org/lwjgl/opengl/GLContext')}
  0x0000020b8eea495c: 49b8 68a7 | 4ee8 0b02 | 0000 418b | b0cc 0000 | 0083 c602 | 4189 b0cc | 0000 0081 | e6fe ff1f 
  0x0000020b8eea497c: 0085 f60f | 8456 0500 

  0x0000020b8eea4984: ;   {oop(a 'java/lang/Class'{0x0000000712dbc028} = 'org/lwjgl/opengl/GLContext')}
  0x0000020b8eea4984: 0049 b828 | c0db 1207 | 0000 0045 | 8b40 7449 | c1e0 0341 | 8b70 0c48 

  0x0000020b8eea499c: ;   {metadata(method data for {method} {0x0000020be84359a8} 'getCapabilitiesImpl' '()Lorg/lwjgl/opengl/ContextCapabilities;' in 'org/lwjgl/opengl/GLContext')}
  0x0000020b8eea499c: c1e6 0348 | bf68 a74e | e80b 0200 | 0048 8387 | 1001 0000 | 0149 8bbf | 8003 0000 | 488b 3f48 
  0x0000020b8eea49bc: ;   {metadata(method data for {method} {0x0000020be84359a8} 'getCapabilitiesImpl' '()Lorg/lwjgl/opengl/ContextCapabilities;' in 'org/lwjgl/opengl/GLContext')}
  0x0000020b8eea49bc: 3bf7 48be | 68a7 4ee8 | 0b02 0000 | 48bf 2001 | 0000 0000 | 0000 750a | 48bf 3001 | 0000 0000 
  0x0000020b8eea49dc: 0000 488b | 1c3e 488d | 5b01 4889 | 1c3e 0f85 | 0d00 0000 | 458b 4010 | 49c1 e003 | e935 0200 
  0x0000020b8eea49fc: ;   {metadata(method data for {method} {0x0000020be84359a8} 'getCapabilitiesImpl' '()Lorg/lwjgl/opengl/ContextCapabilities;' in 'org/lwjgl/opengl/GLContext')}
  0x0000020b8eea49fc: 0049 b868 | a74e e80b | 0200 0049 | 8380 4001 

  0x0000020b8eea4a0c: ;   {metadata(method data for {method} {0x0000020be8435af8} 'getThreadLocalCapabilities' '()Lorg/lwjgl/opengl/ContextCapabilities;' in 'org/lwjgl/opengl/GLContext')}
  0x0000020b8eea4a0c: 0000 0149 | b850 a94e | e80b 0200 | 0041 8bb0 | cc00 0000 | 83c6 0241 | 89b0 cc00 | 0000 81e6 
  0x0000020b8eea4a2c: feff 1f00 | 85f6 0f84 | c904 0000 

  0x0000020b8eea4a38: ;   {oop(a 'java/lang/ThreadLocal'{0x0000000712dbc338})}
  0x0000020b8eea4a38: 48be 38c3 | db12 0700 | 0000 4c8b 

  0x0000020b8eea4a44: ;   {metadata(method data for {method} {0x0000020be8435af8} 'getThreadLocalCapabilities' '()Lorg/lwjgl/opengl/ContextCapabilities;' in 'org/lwjgl/opengl/GLContext')}
  0x0000020b8eea4a44: c648 bf50 | a94e e80b | 0200 0045 | 8b40 0849 | ba00 0000 | a70b 0200 | 004d 03c2 | 4c3b 8720 
  0x0000020b8eea4a64: 0100 0075 | 0d48 8387 | 2801 0000 | 01e9 6000 | 0000 4c3b | 8730 0100 | 0075 0d48 | 8387 3801 
  0x0000020b8eea4a84: 0000 01e9 | 4a00 0000 | 4883 bf20 | 0100 0000 | 7517 4c89 | 8720 0100 | 0048 c787 | 2801 0000 
  0x0000020b8eea4aa4: 0100 0000 | e929 0000 | 0048 83bf | 3001 0000 | 0075 174c | 8987 3001 | 0000 48c7 | 8738 0100 
  0x0000020b8eea4ac4: 0001 0000 | 00e9 0800 | 0000 4883 | 8710 0100 

  0x0000020b8eea4ad4: ;   {metadata(method data for {method} {0x0000020ba7124308} 'get' '()Ljava/lang/Object;' in 'java/lang/ThreadLocal')}
  0x0000020b8eea4ad4: 0001 49b8 | f871 0ce8 | 0b02 0000 | 418b b8cc | 0000 0083 | c702 4189 | b8cc 0000 | 0081 e7fe 
  0x0000020b8eea4af4: ff1f 0085 | ff0f 8423 

  0x0000020b8eea4afc: ;   {metadata(method data for {method} {0x0000020ba7124308} 'get' '()Ljava/lang/Object;' in 'java/lang/ThreadLocal')}
  0x0000020b8eea4afc: 0400 0049 | b8f8 710c | e80b 0200 | 0049 8380 | 1001 0000 | 014c 8bc6 

  0x0000020b8eea4b14: ;   {metadata(method data for {method} {0x0000020ba7124308} 'get' '()Ljava/lang/Object;' in 'java/lang/ThreadLocal')}
  0x0000020b8eea4b14: 48bf f871 | 0ce8 0b02 | 0000 4883 | 8720 0100 | 0001 4d8b | 8780 0300 | 004d 8b00 | 488b d60f 
  0x0000020b8eea4b34: ;   {optimized virtual_call}
  0x0000020b8eea4b34: 1f40 00e8 

  0x0000020b8eea4b38: ; ImmutableOopMap {}
                      ;*invokevirtual get {reexecute=0 rethrow=0 return_oop=0}
                      ; - java.lang.ThreadLocal::get@4 (line 172)
                      ; - org.lwjgl.opengl.GLContext::getThreadLocalCapabilities@3 (line 153)
                      ; - org.lwjgl.opengl.GLContext::getCapabilitiesImpl@19 (line 138)
                      ; - org.lwjgl.opengl.GLContext::getCapabilities@0 (line 122)
                      ; - org.lwjgl.opengl.GL11::glClear@0 (line 585)
  0x0000020b8eea4b38: 449f 4d07 

  0x0000020b8eea4b3c: ;   {other}
  0x0000020b8eea4b3c: 0f1f 8400 | ac04 0000 | 4885 c075 

  0x0000020b8eea4b48: ;   {metadata(method data for {method} {0x0000020be8435af8} 'getThreadLocalCapabilities' '()Lorg/lwjgl/opengl/ContextCapabilities;' in 'org/lwjgl/opengl/GLContext')}
  0x0000020b8eea4b48: 1648 be50 | a94e e80b | 0200 0080 | 8e41 0100 | 0001 e9cd 

  0x0000020b8eea4b5c: ;   {metadata('org/lwjgl/opengl/ContextCapabilities')}
  0x0000020b8eea4b5c: 0000 0048 | bf08 db00 | a80b 0200 | 0044 8b40 | 0849 ba00 | 0000 a70b | 0200 004d | 03c2 493b 
  0x0000020b8eea4b7c: f80f 858d 

  0x0000020b8eea4b80: ;   {metadata(method data for {method} {0x0000020be8435af8} 'getThreadLocalCapabilities' '()Lorg/lwjgl/opengl/ContextCapabilities;' in 'org/lwjgl/opengl/GLContext')}
  0x0000020b8eea4b80: 0000 0048 | be50 a94e | e80b 0200 | 008b 7808 | 49ba 0000 | 00a7 0b02 | 0000 4903 | fa48 3bbe 
  0x0000020b8eea4ba0: 5801 0000 | 750d 4883 | 8660 0100 | 0001 e979 | 0000 0048 | 3bbe 6801 | 0000 750d | 4883 8670 
  0x0000020b8eea4bc0: 0100 0001 | e963 0000 | 0048 83be | 5801 0000 | 0075 1748 | 89be 5801 | 0000 48c7 | 8660 0100 
  0x0000020b8eea4be0: 0001 0000 | 00e9 4200 | 0000 4883 | be68 0100 | 0000 7517 | 4889 be68 | 0100 0048 | c786 7001 
  0x0000020b8eea4c00: 0000 0100 | 0000 e921 | 0000 00e9 | 1c00 0000 

  0x0000020b8eea4c10: ;   {metadata(method data for {method} {0x0000020be8435af8} 'getThreadLocalCapabilities' '()Lorg/lwjgl/opengl/ContextCapabilities;' in 'org/lwjgl/opengl/GLContext')}
  0x0000020b8eea4c10: 48be 50a9 | 4ee8 0b02 | 0000 4883 | ae48 0100 | 0001 e91c | 0300 00e9 | 0000 0000 | 488b d04c 
  0x0000020b8eea4c30: 8bc2 4d85 

  0x0000020b8eea4c34: ;   {metadata(method data for {method} {0x0000020be84358e8} 'getCapabilities' '()Lorg/lwjgl/opengl/ContextCapabilities;' in 'org/lwjgl/opengl/GLContext')}
  0x0000020b8eea4c34: c048 bae0 | a54e e80b | 0200 0048 | be30 0100 | 0000 0000 | 0074 0a48 | be20 0100 | 0000 0000 
  0x0000020b8eea4c54: 0048 8b3c | 3248 8d7f | 0148 893c | 320f 848a | 0100 0049 | 3b00 498b | 9808 1900 

  0x0000020b8eea4c70: ;   {metadata(method data for {method} {0x0000020be84bf100} 'glClear' '(I)V' in 'org/lwjgl/opengl/GL11')}
  0x0000020b8eea4c70: 0048 bae0 | 2e4f e80b | 0200 0048 | 8382 2001 

  0x0000020b8eea4c80: ;   {metadata(method data for {method} {0x0000020be84d4760} 'checkFunctionAddress' '(J)V' in 'org/lwjgl/BufferChecks')}
  0x0000020b8eea4c80: 0000 0148 | ba48 ad4e | e80b 0200 | 0044 8b82 | cc00 0000 | 4183 c002 | 4489 82cc | 0000 0041 
  0x0000020b8eea4ca0: 81e0 feff | 1f00 4585 | c00f 84a7 

  0x0000020b8eea4cac: ;   {metadata(method data for {method} {0x0000020be84d4760} 'checkFunctionAddress' '(J)V' in 'org/lwjgl/BufferChecks')}
  0x0000020b8eea4cac: 0200 0048 | ba48 ad4e | e80b 0200 | 00ff 8220 | 0100 0048 | 8bd3 4883 

  0x0000020b8eea4cc4: ;   {metadata(method data for {method} {0x0000020be84d4760} 'checkFunctionAddress' '(J)V' in 'org/lwjgl/BufferChecks')}
  0x0000020b8eea4cc4: fa00 48ba | 48ad 4ee8 | 0b02 0000 | 49b8 4001 | 0000 0000 | 0000 740a | 49b8 3001 | 0000 0000 
  0x0000020b8eea4ce4: 0000 4a8b | 3402 488d | 7601 4a89 | 3402 0f84 | 4200 0000 

  0x0000020b8eea4cf8: ;   {metadata(method data for {method} {0x0000020be84bf100} 'glClear' '(I)V' in 'org/lwjgl/opengl/GL11')}
  0x0000020b8eea4cf8: 48ba e02e | 4fe8 0b02 | 0000 4883 | 8230 0100 | 0001 8b94 | 2480 0000 | 004c 8bc3 

  0x0000020b8eea4d14: ;   {static_call}
  0x0000020b8eea4d14: 6666 90e8 

  0x0000020b8eea4d18: ; ImmutableOopMap {}
                      ;*invokestatic nglClear {reexecute=0 rethrow=0 return_oop=0}
                      ; - org.lwjgl.opengl.GL11::glClear@15 (line 588)
  0x0000020b8eea4d18: 4422 a507 

  0x0000020b8eea4d1c: ;   {other}
  0x0000020b8eea4d1c: 0f1f 8400 | 8c06 0001 | 4881 c4b0 | 0000 005d 

  0x0000020b8eea4d2c: ;   {poll_return}
  0x0000020b8eea4d2c: 493b a750 | 0400 000f | 873e 0200 | 00c3 4889 | 9c24 9000 | 0000 660f | 1f44 0000 

  0x0000020b8eea4d48: ;   {no_reloc}
  0x0000020b8eea4d48: e94f 0200 | 0000 0000 | 0000 80ba | 2001 0000 | 050f 854c | 0200 0049 | 8b87 b801 | 0000 488d 
  0x0000020b8eea4d68: 7828 493b | bfc8 0100 | 000f 8734 | 0200 0049 | 89bf b801 | 0000 48c7 | 0001 0000 | 0048 8bca 
  0x0000020b8eea4d88: 49ba 0000 | 00a7 0b02 | 0000 492b | ca89 4808 | 4833 c989 | 480c 4833 | c948 8948 | 1048 8948 
  0x0000020b8eea4da8: 1848 8948 | 204c 8bc0 

  0x0000020b8eea4db0: ;   {metadata(method data for {method} {0x0000020be84d4760} 'checkFunctionAddress' '(J)V' in 'org/lwjgl/BufferChecks')}
  0x0000020b8eea4db0: 48ba 48ad | 4ee8 0b02 | 0000 4883 | 8250 0100 

  0x0000020b8eea4dc0: ;   {oop("Function is not supported"{0x0000000712f52838})}
  0x0000020b8eea4dc0: 0001 49b8 | 3828 f512 | 0700 0000 | 488b d048 | 8984 2488 

  0x0000020b8eea4dd4: ;   {optimized virtual_call}
  0x0000020b8eea4dd4: 0000 00e8 

  0x0000020b8eea4dd8: ; ImmutableOopMap {[136]=Oop }
                      ;*invokespecial <init> {reexecute=0 rethrow=0 return_oop=0}
                      ; - org.lwjgl.BufferChecks::checkFunctionAddress@18 (line 58)
                      ; - org.lwjgl.opengl.GL11::glClear@10 (line 587)
  0x0000020b8eea4dd8: a49c 4d07 

  0x0000020b8eea4ddc: ;   {other}
  0x0000020b8eea4ddc: 0f1f 8400 | 4c07 0002 | 488b 8424 | 8800 0000 | e90a 0200 | 000f 1f80 | 0000 0000 

  0x0000020b8eea4df8: ;   {no_reloc}
  0x0000020b8eea4df8: e9ca 0100 | 0000 0000 | 0000 498b | 87b8 0100 | 0048 8d78 | 2849 3bbf | c801 0000 | 0f87 b701 
  0x0000020b8eea4e18: 0000 4989 | bfb8 0100 | 0048 c700 | 0100 0000 | 488b ca49 | ba00 0000 | a70b 0200 | 0049 2bca 
  0x0000020b8eea4e38: 8948 0848 | 33c9 8948 | 0c48 33c9 | 4889 4810 | 4889 4818 | 4889 4820 

  0x0000020b8eea4e50: ;   {metadata(method data for {method} {0x0000020be84358e8} 'getCapabilities' '()Lorg/lwjgl/opengl/ContextCapabilities;' in 'org/lwjgl/opengl/GLContext')}
  0x0000020b8eea4e50: 4c8b c048 | bae0 a54e | e80b 0200 | 0048 8382 | 4001 0000 

  0x0000020b8eea4e64: ;   {oop("No OpenGL context found in the current thread."{0x0000000712f527e0})}
  0x0000020b8eea4e64: 0149 b8e0 | 27f5 1207 | 0000 0048 | 8bd0 4889 | 8424 9800 | 0000 0f1f 

  0x0000020b8eea4e7c: ;   {optimized virtual_call}
  0x0000020b8eea4e7c: 4400 00e8 

  0x0000020b8eea4e80: ; ImmutableOopMap {[152]=Oop }
                      ;*invokespecial <init> {reexecute=0 rethrow=0 return_oop=0}
                      ; - org.lwjgl.opengl.GLContext::getCapabilities@14 (line 124)
                      ; - org.lwjgl.opengl.GL11::glClear@0 (line 585)
  0x0000020b8eea4e80: fc9b 4d07 

  0x0000020b8eea4e84: ;   {other}
  0x0000020b8eea4e84: 0f1f 8400 | f407 0003 | 488b 8424 | 9800 0000 | e962 0100 

  0x0000020b8eea4e98: ;   {metadata({method} {0x0000020be84bf100} 'glClear' '(I)V' in 'org/lwjgl/opengl/GL11')}
  0x0000020b8eea4e98: 0049 baf8 | f04b e80b | 0200 004c | 8954 2408 | 48c7 0424 | ffff ffff 

  0x0000020b8eea4eb0: ;   {runtime_call counter_overflow Runtime1 stub}
  0x0000020b8eea4eb0: e8cb 4c5a 

  0x0000020b8eea4eb4: ; ImmutableOopMap {}
                      ;*synchronization entry
                      ; - org.lwjgl.opengl.GL11::glClear@-1 (line 585)
  0x0000020b8eea4eb4: 07e9 55fa 

  0x0000020b8eea4eb8: ;   {metadata({method} {0x0000020be84358e8} 'getCapabilities' '()Lorg/lwjgl/opengl/ContextCapabilities;' in 'org/lwjgl/opengl/GLContext')}
  0x0000020b8eea4eb8: ffff 49ba | e058 43e8 | 0b02 0000 | 4c89 5424 | 0848 c704 | 24ff ffff 

  0x0000020b8eea4ed0: ;   {runtime_call counter_overflow Runtime1 stub}
  0x0000020b8eea4ed0: ffe8 aa4c 

  0x0000020b8eea4ed4: ; ImmutableOopMap {}
                      ;*synchronization entry
                      ; - org.lwjgl.opengl.GLContext::getCapabilities@-1 (line 122)
                      ; - org.lwjgl.opengl.GL11::glClear@0 (line 585)
  0x0000020b8eea4ed4: 5a07 e96f 

  0x0000020b8eea4ed8: ;   {metadata({method} {0x0000020be84359a8} 'getCapabilitiesImpl' '()Lorg/lwjgl/opengl/ContextCapabilities;' in 'org/lwjgl/opengl/GLContext')}
  0x0000020b8eea4ed8: faff ff49 | baa0 5943 | e80b 0200 | 004c 8954 | 2408 48c7 | 0424 ffff 

  0x0000020b8eea4ef0: ;   {runtime_call counter_overflow Runtime1 stub}
  0x0000020b8eea4ef0: ffff e889 

  0x0000020b8eea4ef4: ; ImmutableOopMap {}
                      ;*synchronization entry
                      ; - org.lwjgl.opengl.GLContext::getCapabilitiesImpl@-1 (line 130)
                      ; - org.lwjgl.opengl.GLContext::getCapabilities@0 (line 122)
                      ; - org.lwjgl.opengl.GL11::glClear@0 (line 585)
  0x0000020b8eea4ef4: 4c5a 07e9 | 89fa ffff 

  0x0000020b8eea4efc: ;   {runtime_call throw_null_pointer_exception Runtime1 stub}
  0x0000020b8eea4efc: e87f ec59 

  0x0000020b8eea4f00: ; ImmutableOopMap {r8=Oop }
                      ;*getfield owner {reexecute=1 rethrow=0 return_oop=0}
                      ; - (reexecute) org.lwjgl.opengl.GLContext::getCapabilitiesImpl@5 (line 132)
                      ; - org.lwjgl.opengl.GLContext::getCapabilities@0 (line 122)
                      ; - org.lwjgl.opengl.GL11::glClear@0 (line 585)
                      ;   {metadata({method} {0x0000020be8435af8} 'getThreadLocalCapabilities' '()Lorg/lwjgl/opengl/ContextCapabilities;' in 'org/lwjgl/opengl/GLContext')}
  0x0000020b8eea4f00: 0749 baf0 | 5a43 e80b | 0200 004c | 8954 2408 | 48c7 0424 | ffff ffff 

  0x0000020b8eea4f18: ;   {runtime_call counter_overflow Runtime1 stub}
  0x0000020b8eea4f18: e863 4c5a 

  0x0000020b8eea4f1c: ; ImmutableOopMap {}
                      ;*synchronization entry
                      ; - org.lwjgl.opengl.GLContext::getThreadLocalCapabilities@-1 (line 153)
                      ; - org.lwjgl.opengl.GLContext::getCapabilitiesImpl@19 (line 138)
                      ; - org.lwjgl.opengl.GLContext::getCapabilities@0 (line 122)
                      ; - org.lwjgl.opengl.GL11::glClear@0 (line 585)
  0x0000020b8eea4f1c: 07e9 16fb 

  0x0000020b8eea4f20: ;   {metadata({method} {0x0000020ba7124308} 'get' '()Ljava/lang/Object;' in 'java/lang/ThreadLocal')}
  0x0000020b8eea4f20: ffff 49ba | 0043 12a7 | 0b02 0000 | 4c89 5424 | 0848 c704 | 24ff ffff 

  0x0000020b8eea4f38: ;   {runtime_call counter_overflow Runtime1 stub}
  0x0000020b8eea4f38: ffe8 424c 

  0x0000020b8eea4f3c: ; ImmutableOopMap {rsi=Oop }
                      ;*synchronization entry
                      ; - java.lang.ThreadLocal::get@-1 (line 172)
                      ; - org.lwjgl.opengl.GLContext::getThreadLocalCapabilities@3 (line 153)
                      ; - org.lwjgl.opengl.GLContext::getCapabilitiesImpl@19 (line 138)
                      ; - org.lwjgl.opengl.GLContext::getCapabilities@0 (line 122)
                      ; - org.lwjgl.opengl.GL11::glClear@0 (line 585)
  0x0000020b8eea4f3c: 5a07 e9bc | fbff ff48 

  0x0000020b8eea4f44: ;   {runtime_call throw_class_cast_exception Runtime1 stub}
  0x0000020b8eea4f44: 8904 24e8 

  0x0000020b8eea4f48: ; ImmutableOopMap {}
                      ;*checkcast {reexecute=0 rethrow=0 return_oop=0}
                      ; - org.lwjgl.opengl.GLContext::getThreadLocalCapabilities@6 (line 153)
                      ; - org.lwjgl.opengl.GLContext::getCapabilitiesImpl@19 (line 138)
                      ; - org.lwjgl.opengl.GLContext::getCapabilities@0 (line 122)
                      ; - org.lwjgl.opengl.GL11::glClear@0 (line 585)
  0x0000020b8eea4f48: b414 5a07 

  0x0000020b8eea4f4c: ;   {runtime_call throw_null_pointer_exception Runtime1 stub}
  0x0000020b8eea4f4c: e82f ec59 

  0x0000020b8eea4f50: ; ImmutableOopMap {r8=Oop }
                      ;*getfield glClear {reexecute=1 rethrow=0 return_oop=0}
                      ; - (reexecute) org.lwjgl.opengl.GL11::glClear@5 (line 586)
                      ;   {runtime_call throw_null_pointer_exception Runtime1 stub}
  0x0000020b8eea4f50: 07e8 2aec 

  0x0000020b8eea4f54: ; ImmutableOopMap {r8=Oop }
                      ;*getfield glClear {reexecute=1 rethrow=0 return_oop=0}
                      ; - (reexecute) org.lwjgl.opengl.GL11::glClear@5 (line 586)
                      ;   {metadata({method} {0x0000020be84d4760} 'checkFunctionAddress' '(J)V' in 'org/lwjgl/BufferChecks')}
  0x0000020b8eea4f54: 5907 49ba | 5847 4de8 | 0b02 0000 | 4c89 5424 | 0848 c704 | 24ff ffff 

  0x0000020b8eea4f6c: ;   {runtime_call counter_overflow Runtime1 stub}
  0x0000020b8eea4f6c: ffe8 0e4c 

  0x0000020b8eea4f70: ; ImmutableOopMap {}
                      ;*synchronization entry
                      ; - org.lwjgl.BufferChecks::checkFunctionAddress@-1 (line 57)
                      ; - org.lwjgl.opengl.GL11::glClear@10 (line 587)
  0x0000020b8eea4f70: 5a07 e938 

  0x0000020b8eea4f74: ;   {internal_word}
  0x0000020b8eea4f74: fdff ff49 | ba2c 4dea | 8e0b 0200 | 004d 8997 | 6804 0000 

  0x0000020b8eea4f88: ;   {runtime_call SafepointBlob}
  0x0000020b8eea4f88: e973 074e 

  0x0000020b8eea4f8c: ;   {metadata(nullptr)}
  0x0000020b8eea4f8c: 0748 ba00 | 0000 0000 | 0000 00b8 | 000f 050a 

  0x0000020b8eea4f9c: ;   {runtime_call load_klass_patching Runtime1 stub}
  0x0000020b8eea4f9c: e85f 3b5a 

  0x0000020b8eea4fa0: ; ImmutableOopMap {}
                      ;*new {reexecute=1 rethrow=0 return_oop=0}
                      ; - (reexecute) org.lwjgl.BufferChecks::checkFunctionAddress@12 (line 58)
                      ; - org.lwjgl.opengl.GL11::glClear@10 (line 587)
  0x0000020b8eea4fa0: 07e9 a2fd 

  0x0000020b8eea4fa4: ;   {runtime_call throw_null_pointer_exception Runtime1 stub}
  0x0000020b8eea4fa4: ffff e8d5 

  0x0000020b8eea4fa8: ; ImmutableOopMap {}
                      ;*new {reexecute=0 rethrow=0 return_oop=0}
                      ; - org.lwjgl.BufferChecks::checkFunctionAddress@12 (line 58)
                      ; - org.lwjgl.opengl.GL11::glClear@10 (line 587)
  0x0000020b8eea4fa8: eb59 0748 

  0x0000020b8eea4fac: ;   {runtime_call fast_new_instance_init_check Runtime1 stub}
  0x0000020b8eea4fac: 8bd2 e8cd 

  0x0000020b8eea4fb0: ; ImmutableOopMap {}
                      ;*new {reexecute=0 rethrow=0 return_oop=0}
                      ; - org.lwjgl.BufferChecks::checkFunctionAddress@12 (line 58)
                      ; - org.lwjgl.opengl.GL11::glClear@10 (line 587)
  0x0000020b8eea4fb0: f759 07e9 | f5fd ffff 

  0x0000020b8eea4fb8: ;   {metadata(nullptr)}
  0x0000020b8eea4fb8: 48ba 0000 | 0000 0000 | 0000 b800 

  0x0000020b8eea4fc4: ;   {runtime_call load_klass_patching Runtime1 stub}
  0x0000020b8eea4fc4: 0f05 0ae8 

  0x0000020b8eea4fc8: ; ImmutableOopMap {}
                      ;*new {reexecute=1 rethrow=0 return_oop=0}
                      ; - (reexecute) org.lwjgl.opengl.GLContext::getCapabilities@8 (line 124)
                      ; - org.lwjgl.opengl.GL11::glClear@0 (line 585)
  0x0000020b8eea4fc8: 343b 5a07 | e927 feff | ff48 8bd2 

  0x0000020b8eea4fd4: ;   {runtime_call fast_new_instance Runtime1 stub}
  0x0000020b8eea4fd4: e8a7 f459 

  0x0000020b8eea4fd8: ; ImmutableOopMap {}
                      ;*new {reexecute=0 rethrow=0 return_oop=0}
                      ; - org.lwjgl.opengl.GLContext::getCapabilities@8 (line 124)
                      ; - org.lwjgl.opengl.GL11::glClear@0 (line 585)
  0x0000020b8eea4fd8: 07e9 72fe | ffff 498b | 8700 0500 | 0049 c787 | 0005 0000 | 0000 0000 | 49c7 8708 | 0500 0000 
  0x0000020b8eea4ff8: 0000 0048 | 81c4 b000 

  0x0000020b8eea5000: ;   {runtime_call unwind_exception Runtime1 stub}
  0x0000020b8eea5000: 0000 5de9 | 78dc 5907 
[Stub Code]
  0x0000020b8eea5008: ;   {no_reloc}
  0x0000020b8eea5008: 0f1f 4400 

  0x0000020b8eea500c: ;   {static_stub}
  0x0000020b8eea500c: 0048 bb00 | 0000 0000 

  0x0000020b8eea5014: ;   {runtime_call}
  0x0000020b8eea5014: 0000 00e9 | fbff ffff 

  0x0000020b8eea501c: ;   {static_stub}
  0x0000020b8eea501c: 48bb 0000 | 0000 0000 

  0x0000020b8eea5024: ;   {runtime_call}
  0x0000020b8eea5024: 0000 e9fb 

  0x0000020b8eea5028: ;   {static_stub}
  0x0000020b8eea5028: ffff ff48 | bb00 0000 | 0000 0000 

  0x0000020b8eea5034: ;   {runtime_call}
  0x0000020b8eea5034: 00e9 fbff 

  0x0000020b8eea5038: ;   {static_stub}
  0x0000020b8eea5038: ffff 48bb | 0000 0000 | 0000 0000 

  0x0000020b8eea5044: ;   {runtime_call}
  0x0000020b8eea5044: e9fb ffff 

  0x0000020b8eea5048: ;   {runtime_call handle_exception_from_callee Runtime1 stub}
  0x0000020b8eea5048: ffe8 b20d 

  0x0000020b8eea504c: ;   {external_word}
  0x0000020b8eea504c: 5a07 48b9 | 0048 8673 | fd7f 0000 | 4883 e4f0 

  0x0000020b8eea505c: ;   {runtime_call}
  0x0000020b8eea505c: 48b8 4024 | 4e73 fd7f | 0000 ffd0 

  0x0000020b8eea5068: ;   {section_word}
  0x0000020b8eea5068: f449 ba69 | 50ea 8e0b | 0200 0041 

  0x0000020b8eea5074: ;   {runtime_call DeoptimizationBlob}
  0x0000020b8eea5074: 52e9 26f9 | 4d07 f4f4 | f4f4 f4f4 
[/MachCode]


---------------  P R O C E S S  ---------------

Threads class SMR info:
_java_thread_list=0x0000020bed6479d0, length=13, elements={
0x0000020b84f8c150, 0x0000020ba6258b40, 0x0000020ba625a960, 0x0000020ba625cca0,
0x0000020ba62638d0, 0x0000020ba6262520, 0x0000020ba6263f60, 0x0000020ba6269c80,
0x0000020ba626f3d0, 0x0000020ba6260ae0, 0x0000020ba6261800, 0x0000020ba6262bb0,
0x0000020bed6af260
}

Java Threads: ( => current thread )
=>0x0000020b84f8c150 JavaThread "main"                              [_thread_in_native, id=9200, stack(0x000000f06fb00000,0x000000f06fc00000) (1024K)]
  0x0000020ba6258b40 JavaThread "Reference Handler"          daemon [_thread_blocked, id=13144, stack(0x000000f070300000,0x000000f070400000) (1024K)]
  0x0000020ba625a960 JavaThread "Finalizer"                  daemon [_thread_blocked, id=20748, stack(0x000000f070400000,0x000000f070500000) (1024K)]
  0x0000020ba625cca0 JavaThread "Signal Dispatcher"          daemon [_thread_blocked, id=14024, stack(0x000000f070500000,0x000000f070600000) (1024K)]
  0x0000020ba62638d0 JavaThread "Attach Listener"            daemon [_thread_blocked, id=1696, stack(0x000000f070600000,0x000000f070700000) (1024K)]
  0x0000020ba6262520 JavaThread "Service Thread"             daemon [_thread_blocked, id=6392, stack(0x000000f070700000,0x000000f070800000) (1024K)]
  0x0000020ba6263f60 JavaThread "Monitor Deflation Thread"   daemon [_thread_blocked, id=1668, stack(0x000000f070800000,0x000000f070900000) (1024K)]
  0x0000020ba6269c80 JavaThread "C2 CompilerThread0"         daemon [_thread_in_vm, id=9744, stack(0x000000f070900000,0x000000f070a00000) (1024K)]
  0x0000020ba626f3d0 JavaThread "C1 CompilerThread0"         daemon [_thread_blocked, id=1892, stack(0x000000f070a00000,0x000000f070b00000) (1024K)]
  0x0000020ba6260ae0 JavaThread "Common-Cleaner"             daemon [_thread_blocked, id=2296, stack(0x000000f070b00000,0x000000f070c00000) (1024K)]
  0x0000020ba6261800 JavaThread "Notification Thread"        daemon [_thread_blocked, id=11148, stack(0x000000f070c00000,0x000000f070d00000) (1024K)]
  0x0000020ba6262bb0 JavaThread "LWJGL Timer"                daemon [_thread_blocked, id=16468, stack(0x000000f071200000,0x000000f071300000) (1024K)]
  0x0000020bed6af260 JavaThread "C2 CompilerThread1"         daemon [_thread_in_vm, id=15340, stack(0x000000f071100000,0x000000f071200000) (1024K)]
Total: 13

Other Threads:
  0x0000020ba62397a0 VMThread "VM Thread"                           [id=19516, stack(0x000000f070200000,0x000000f070300000) (1024K)]
  0x0000020ba6221820 WatcherThread "VM Periodic Task Thread"        [id=13632, stack(0x000000f070100000,0x000000f070200000) (1024K)]
  0x0000020b8522dcd0 WorkerThread "GC Thread#0"                     [id=13592, stack(0x000000f06fc00000,0x000000f06fd00000) (1024K)]
  0x0000020b8523eb30 ConcurrentGCThread "G1 Main Marker"            [id=8296, stack(0x000000f06fd00000,0x000000f06fe00000) (1024K)]
  0x0000020b8523fdd0 WorkerThread "G1 Conc#0"                       [id=10204, stack(0x000000f06fe00000,0x000000f06ff00000) (1024K)]
  0x0000020ba60f6510 ConcurrentGCThread "G1 Refine#0"               [id=12788, stack(0x000000f06ff00000,0x000000f070000000) (1024K)]
  0x0000020ba60f6f90 ConcurrentGCThread "G1 Service"                [id=19596, stack(0x000000f070000000,0x000000f070100000) (1024K)]
Total: 7

Threads with active compile tasks:
C2 CompilerThread0     7287  517       4       org.lwjgl.opengl.GL11::glLoadIdentity (18 bytes)
C2 CompilerThread1     7287  519       4       org.lwjgl.opengl.GL11::glColor3f (24 bytes)
Total: 2

VM state: not at safepoint (normal execution)

VM Mutex/Monitor currently owned by a thread: None

Heap address: 0x0000000703200000, size: 4046 MB, Compressed Oops mode: Zero based, Oop shift amount: 3

CDS archive(s) mapped at: [0x0000020ba7000000-0x0000020ba7c90000-0x0000020ba7c90000), size 13172736, SharedBaseAddress: 0x0000020ba7000000, ArchiveRelocationMode: 1.
Compressed class space mapped at: 0x0000020ba8000000-0x0000020be8000000, reserved size: 1073741824
Narrow klass base: 0x0000020ba7000000, Narrow klass shift: 0, Narrow klass range: 0x100000000

GC Precious Log:
 CardTable entry size: 512
 Card Set container configuration: InlinePtr #cards 4 size 8 Array Of Cards #cards 16 size 48 Howl #buckets 8 coarsen threshold 3686 Howl Bitmap #cards 512 size 80 coarsen threshold 460 Card regions per heap region 1 cards per card region 4096
 CPUs: 8 total, 8 available
 Memory: 16182M
 Large Page Support: Disabled
 NUMA Support: Disabled
 Compressed Oops: Enabled (Zero based)
 Heap Region Size: 2M
 Heap Min Capacity: 8M
 Heap Initial Capacity: 254M
 Heap Max Capacity: 4046M
 Pre-touch: Disabled
 Parallel Workers: 8
 Concurrent Workers: 2
 Concurrent Refinement Workers: 8
 Periodic GC: Disabled

Heap:
 garbage-first heap   total 260096K, used 4096K [0x0000000703200000, 0x0000000800000000)
  region size 2048K, 3 young (6144K), 0 survivors (0K)
 Metaspace       used 1905K, committed 1984K, reserved 1114112K
  class space    used 106K, committed 128K, reserved 1048576K

Heap Regions: E=young(eden), S=young(survivor), O=old, HS=humongous(starts), HC=humongous(continues), CS=collection set, F=free, TAMS=top-at-mark-start, PB=parsable bottom
|   0|0x0000000703200000, 0x0000000703200000, 0x0000000703400000|  0%| F|  |TAMS 0x0000000703200000| PB 0x0000000703200000| Untracked 
|   1|0x0000000703400000, 0x0000000703400000, 0x0000000703600000|  0%| F|  |TAMS 0x0000000703400000| PB 0x0000000703400000| Untracked 
|   2|0x0000000703600000, 0x0000000703600000, 0x0000000703800000|  0%| F|  |TAMS 0x0000000703600000| PB 0x0000000703600000| Untracked 
|   3|0x0000000703800000, 0x0000000703800000, 0x0000000703a00000|  0%| F|  |TAMS 0x0000000703800000| PB 0x0000000703800000| Untracked 
|   4|0x0000000703a00000, 0x0000000703a00000, 0x0000000703c00000|  0%| F|  |TAMS 0x0000000703a00000| PB 0x0000000703a00000| Untracked 
|   5|0x0000000703c00000, 0x0000000703c00000, 0x0000000703e00000|  0%| F|  |TAMS 0x0000000703c00000| PB 0x0000000703c00000| Untracked 
|   6|0x0000000703e00000, 0x0000000703e00000, 0x0000000704000000|  0%| F|  |TAMS 0x0000000703e00000| PB 0x0000000703e00000| Untracked 
|   7|0x0000000704000000, 0x0000000704000000, 0x0000000704200000|  0%| F|  |TAMS 0x0000000704000000| PB 0x0000000704000000| Untracked 
|   8|0x0000000704200000, 0x0000000704200000, 0x0000000704400000|  0%| F|  |TAMS 0x0000000704200000| PB 0x0000000704200000| Untracked 
|   9|0x0000000704400000, 0x0000000704400000, 0x0000000704600000|  0%| F|  |TAMS 0x0000000704400000| PB 0x0000000704400000| Untracked 
|  10|0x0000000704600000, 0x0000000704600000, 0x0000000704800000|  0%| F|  |TAMS 0x0000000704600000| PB 0x0000000704600000| Untracked 
|  11|0x0000000704800000, 0x0000000704800000, 0x0000000704a00000|  0%| F|  |TAMS 0x0000000704800000| PB 0x0000000704800000| Untracked 
|  12|0x0000000704a00000, 0x0000000704a00000, 0x0000000704c00000|  0%| F|  |TAMS 0x0000000704a00000| PB 0x0000000704a00000| Untracked 
|  13|0x0000000704c00000, 0x0000000704c00000, 0x0000000704e00000|  0%| F|  |TAMS 0x0000000704c00000| PB 0x0000000704c00000| Untracked 
|  14|0x0000000704e00000, 0x0000000704e00000, 0x0000000705000000|  0%| F|  |TAMS 0x0000000704e00000| PB 0x0000000704e00000| Untracked 
|  15|0x0000000705000000, 0x0000000705000000, 0x0000000705200000|  0%| F|  |TAMS 0x0000000705000000| PB 0x0000000705000000| Untracked 
|  16|0x0000000705200000, 0x0000000705200000, 0x0000000705400000|  0%| F|  |TAMS 0x0000000705200000| PB 0x0000000705200000| Untracked 
|  17|0x0000000705400000, 0x0000000705400000, 0x0000000705600000|  0%| F|  |TAMS 0x0000000705400000| PB 0x0000000705400000| Untracked 
|  18|0x0000000705600000, 0x0000000705600000, 0x0000000705800000|  0%| F|  |TAMS 0x0000000705600000| PB 0x0000000705600000| Untracked 
|  19|0x0000000705800000, 0x0000000705800000, 0x0000000705a00000|  0%| F|  |TAMS 0x0000000705800000| PB 0x0000000705800000| Untracked 
|  20|0x0000000705a00000, 0x0000000705a00000, 0x0000000705c00000|  0%| F|  |TAMS 0x0000000705a00000| PB 0x0000000705a00000| Untracked 
|  21|0x0000000705c00000, 0x0000000705c00000, 0x0000000705e00000|  0%| F|  |TAMS 0x0000000705c00000| PB 0x0000000705c00000| Untracked 
|  22|0x0000000705e00000, 0x0000000705e00000, 0x0000000706000000|  0%| F|  |TAMS 0x0000000705e00000| PB 0x0000000705e00000| Untracked 
|  23|0x0000000706000000, 0x0000000706000000, 0x0000000706200000|  0%| F|  |TAMS 0x0000000706000000| PB 0x0000000706000000| Untracked 
|  24|0x0000000706200000, 0x0000000706200000, 0x0000000706400000|  0%| F|  |TAMS 0x0000000706200000| PB 0x0000000706200000| Untracked 
|  25|0x0000000706400000, 0x0000000706400000, 0x0000000706600000|  0%| F|  |TAMS 0x0000000706400000| PB 0x0000000706400000| Untracked 
|  26|0x0000000706600000, 0x0000000706600000, 0x0000000706800000|  0%| F|  |TAMS 0x0000000706600000| PB 0x0000000706600000| Untracked 
|  27|0x0000000706800000, 0x0000000706800000, 0x0000000706a00000|  0%| F|  |TAMS 0x0000000706800000| PB 0x0000000706800000| Untracked 
|  28|0x0000000706a00000, 0x0000000706a00000, 0x0000000706c00000|  0%| F|  |TAMS 0x0000000706a00000| PB 0x0000000706a00000| Untracked 
|  29|0x0000000706c00000, 0x0000000706c00000, 0x0000000706e00000|  0%| F|  |TAMS 0x0000000706c00000| PB 0x0000000706c00000| Untracked 
|  30|0x0000000706e00000, 0x0000000706e00000, 0x0000000707000000|  0%| F|  |TAMS 0x0000000706e00000| PB 0x0000000706e00000| Untracked 
|  31|0x0000000707000000, 0x0000000707000000, 0x0000000707200000|  0%| F|  |TAMS 0x0000000707000000| PB 0x0000000707000000| Untracked 
|  32|0x0000000707200000, 0x0000000707200000, 0x0000000707400000|  0%| F|  |TAMS 0x0000000707200000| PB 0x0000000707200000| Untracked 
|  33|0x0000000707400000, 0x0000000707400000, 0x0000000707600000|  0%| F|  |TAMS 0x0000000707400000| PB 0x0000000707400000| Untracked 
|  34|0x0000000707600000, 0x0000000707600000, 0x0000000707800000|  0%| F|  |TAMS 0x0000000707600000| PB 0x0000000707600000| Untracked 
|  35|0x0000000707800000, 0x0000000707800000, 0x0000000707a00000|  0%| F|  |TAMS 0x0000000707800000| PB 0x0000000707800000| Untracked 
|  36|0x0000000707a00000, 0x0000000707a00000, 0x0000000707c00000|  0%| F|  |TAMS 0x0000000707a00000| PB 0x0000000707a00000| Untracked 
|  37|0x0000000707c00000, 0x0000000707c00000, 0x0000000707e00000|  0%| F|  |TAMS 0x0000000707c00000| PB 0x0000000707c00000| Untracked 
|  38|0x0000000707e00000, 0x0000000707e00000, 0x0000000708000000|  0%| F|  |TAMS 0x0000000707e00000| PB 0x0000000707e00000| Untracked 
|  39|0x0000000708000000, 0x0000000708000000, 0x0000000708200000|  0%| F|  |TAMS 0x0000000708000000| PB 0x0000000708000000| Untracked 
|  40|0x0000000708200000, 0x0000000708200000, 0x0000000708400000|  0%| F|  |TAMS 0x0000000708200000| PB 0x0000000708200000| Untracked 
|  41|0x0000000708400000, 0x0000000708400000, 0x0000000708600000|  0%| F|  |TAMS 0x0000000708400000| PB 0x0000000708400000| Untracked 
|  42|0x0000000708600000, 0x0000000708600000, 0x0000000708800000|  0%| F|  |TAMS 0x0000000708600000| PB 0x0000000708600000| Untracked 
|  43|0x0000000708800000, 0x0000000708800000, 0x0000000708a00000|  0%| F|  |TAMS 0x0000000708800000| PB 0x0000000708800000| Untracked 
|  44|0x0000000708a00000, 0x0000000708a00000, 0x0000000708c00000|  0%| F|  |TAMS 0x0000000708a00000| PB 0x0000000708a00000| Untracked 
|  45|0x0000000708c00000, 0x0000000708c00000, 0x0000000708e00000|  0%| F|  |TAMS 0x0000000708c00000| PB 0x0000000708c00000| Untracked 
|  46|0x0000000708e00000, 0x0000000708e00000, 0x0000000709000000|  0%| F|  |TAMS 0x0000000708e00000| PB 0x0000000708e00000| Untracked 
|  47|0x0000000709000000, 0x0000000709000000, 0x0000000709200000|  0%| F|  |TAMS 0x0000000709000000| PB 0x0000000709000000| Untracked 
|  48|0x0000000709200000, 0x0000000709200000, 0x0000000709400000|  0%| F|  |TAMS 0x0000000709200000| PB 0x0000000709200000| Untracked 
|  49|0x0000000709400000, 0x0000000709400000, 0x0000000709600000|  0%| F|  |TAMS 0x0000000709400000| PB 0x0000000709400000| Untracked 
|  50|0x0000000709600000, 0x0000000709600000, 0x0000000709800000|  0%| F|  |TAMS 0x0000000709600000| PB 0x0000000709600000| Untracked 
|  51|0x0000000709800000, 0x0000000709800000, 0x0000000709a00000|  0%| F|  |TAMS 0x0000000709800000| PB 0x0000000709800000| Untracked 
|  52|0x0000000709a00000, 0x0000000709a00000, 0x0000000709c00000|  0%| F|  |TAMS 0x0000000709a00000| PB 0x0000000709a00000| Untracked 
|  53|0x0000000709c00000, 0x0000000709c00000, 0x0000000709e00000|  0%| F|  |TAMS 0x0000000709c00000| PB 0x0000000709c00000| Untracked 
|  54|0x0000000709e00000, 0x0000000709e00000, 0x000000070a000000|  0%| F|  |TAMS 0x0000000709e00000| PB 0x0000000709e00000| Untracked 
|  55|0x000000070a000000, 0x000000070a000000, 0x000000070a200000|  0%| F|  |TAMS 0x000000070a000000| PB 0x000000070a000000| Untracked 
|  56|0x000000070a200000, 0x000000070a200000, 0x000000070a400000|  0%| F|  |TAMS 0x000000070a200000| PB 0x000000070a200000| Untracked 
|  57|0x000000070a400000, 0x000000070a400000, 0x000000070a600000|  0%| F|  |TAMS 0x000000070a400000| PB 0x000000070a400000| Untracked 
|  58|0x000000070a600000, 0x000000070a600000, 0x000000070a800000|  0%| F|  |TAMS 0x000000070a600000| PB 0x000000070a600000| Untracked 
|  59|0x000000070a800000, 0x000000070a800000, 0x000000070aa00000|  0%| F|  |TAMS 0x000000070a800000| PB 0x000000070a800000| Untracked 
|  60|0x000000070aa00000, 0x000000070aa00000, 0x000000070ac00000|  0%| F|  |TAMS 0x000000070aa00000| PB 0x000000070aa00000| Untracked 
|  61|0x000000070ac00000, 0x000000070ac00000, 0x000000070ae00000|  0%| F|  |TAMS 0x000000070ac00000| PB 0x000000070ac00000| Untracked 
|  62|0x000000070ae00000, 0x000000070ae00000, 0x000000070b000000|  0%| F|  |TAMS 0x000000070ae00000| PB 0x000000070ae00000| Untracked 
|  63|0x000000070b000000, 0x000000070b000000, 0x000000070b200000|  0%| F|  |TAMS 0x000000070b000000| PB 0x000000070b000000| Untracked 
|  64|0x000000070b200000, 0x000000070b200000, 0x000000070b400000|  0%| F|  |TAMS 0x000000070b200000| PB 0x000000070b200000| Untracked 
|  65|0x000000070b400000, 0x000000070b400000, 0x000000070b600000|  0%| F|  |TAMS 0x000000070b400000| PB 0x000000070b400000| Untracked 
|  66|0x000000070b600000, 0x000000070b600000, 0x000000070b800000|  0%| F|  |TAMS 0x000000070b600000| PB 0x000000070b600000| Untracked 
|  67|0x000000070b800000, 0x000000070b800000, 0x000000070ba00000|  0%| F|  |TAMS 0x000000070b800000| PB 0x000000070b800000| Untracked 
|  68|0x000000070ba00000, 0x000000070ba00000, 0x000000070bc00000|  0%| F|  |TAMS 0x000000070ba00000| PB 0x000000070ba00000| Untracked 
|  69|0x000000070bc00000, 0x000000070bc00000, 0x000000070be00000|  0%| F|  |TAMS 0x000000070bc00000| PB 0x000000070bc00000| Untracked 
|  70|0x000000070be00000, 0x000000070be00000, 0x000000070c000000|  0%| F|  |TAMS 0x000000070be00000| PB 0x000000070be00000| Untracked 
|  71|0x000000070c000000, 0x000000070c000000, 0x000000070c200000|  0%| F|  |TAMS 0x000000070c000000| PB 0x000000070c000000| Untracked 
|  72|0x000000070c200000, 0x000000070c200000, 0x000000070c400000|  0%| F|  |TAMS 0x000000070c200000| PB 0x000000070c200000| Untracked 
|  73|0x000000070c400000, 0x000000070c400000, 0x000000070c600000|  0%| F|  |TAMS 0x000000070c400000| PB 0x000000070c400000| Untracked 
|  74|0x000000070c600000, 0x000000070c600000, 0x000000070c800000|  0%| F|  |TAMS 0x000000070c600000| PB 0x000000070c600000| Untracked 
|  75|0x000000070c800000, 0x000000070c800000, 0x000000070ca00000|  0%| F|  |TAMS 0x000000070c800000| PB 0x000000070c800000| Untracked 
|  76|0x000000070ca00000, 0x000000070ca00000, 0x000000070cc00000|  0%| F|  |TAMS 0x000000070ca00000| PB 0x000000070ca00000| Untracked 
|  77|0x000000070cc00000, 0x000000070cc00000, 0x000000070ce00000|  0%| F|  |TAMS 0x000000070cc00000| PB 0x000000070cc00000| Untracked 
|  78|0x000000070ce00000, 0x000000070ce00000, 0x000000070d000000|  0%| F|  |TAMS 0x000000070ce00000| PB 0x000000070ce00000| Untracked 
|  79|0x000000070d000000, 0x000000070d000000, 0x000000070d200000|  0%| F|  |TAMS 0x000000070d000000| PB 0x000000070d000000| Untracked 
|  80|0x000000070d200000, 0x000000070d200000, 0x000000070d400000|  0%| F|  |TAMS 0x000000070d200000| PB 0x000000070d200000| Untracked 
|  81|0x000000070d400000, 0x000000070d400000, 0x000000070d600000|  0%| F|  |TAMS 0x000000070d400000| PB 0x000000070d400000| Untracked 
|  82|0x000000070d600000, 0x000000070d600000, 0x000000070d800000|  0%| F|  |TAMS 0x000000070d600000| PB 0x000000070d600000| Untracked 
|  83|0x000000070d800000, 0x000000070d800000, 0x000000070da00000|  0%| F|  |TAMS 0x000000070d800000| PB 0x000000070d800000| Untracked 
|  84|0x000000070da00000, 0x000000070da00000, 0x000000070dc00000|  0%| F|  |TAMS 0x000000070da00000| PB 0x000000070da00000| Untracked 
|  85|0x000000070dc00000, 0x000000070dc00000, 0x000000070de00000|  0%| F|  |TAMS 0x000000070dc00000| PB 0x000000070dc00000| Untracked 
|  86|0x000000070de00000, 0x000000070de00000, 0x000000070e000000|  0%| F|  |TAMS 0x000000070de00000| PB 0x000000070de00000| Untracked 
|  87|0x000000070e000000, 0x000000070e000000, 0x000000070e200000|  0%| F|  |TAMS 0x000000070e000000| PB 0x000000070e000000| Untracked 
|  88|0x000000070e200000, 0x000000070e200000, 0x000000070e400000|  0%| F|  |TAMS 0x000000070e200000| PB 0x000000070e200000| Untracked 
|  89|0x000000070e400000, 0x000000070e400000, 0x000000070e600000|  0%| F|  |TAMS 0x000000070e400000| PB 0x000000070e400000| Untracked 
|  90|0x000000070e600000, 0x000000070e600000, 0x000000070e800000|  0%| F|  |TAMS 0x000000070e600000| PB 0x000000070e600000| Untracked 
|  91|0x000000070e800000, 0x000000070e800000, 0x000000070ea00000|  0%| F|  |TAMS 0x000000070e800000| PB 0x000000070e800000| Untracked 
|  92|0x000000070ea00000, 0x000000070ea00000, 0x000000070ec00000|  0%| F|  |TAMS 0x000000070ea00000| PB 0x000000070ea00000| Untracked 
|  93|0x000000070ec00000, 0x000000070ec00000, 0x000000070ee00000|  0%| F|  |TAMS 0x000000070ec00000| PB 0x000000070ec00000| Untracked 
|  94|0x000000070ee00000, 0x000000070ee00000, 0x000000070f000000|  0%| F|  |TAMS 0x000000070ee00000| PB 0x000000070ee00000| Untracked 
|  95|0x000000070f000000, 0x000000070f000000, 0x000000070f200000|  0%| F|  |TAMS 0x000000070f000000| PB 0x000000070f000000| Untracked 
|  96|0x000000070f200000, 0x000000070f200000, 0x000000070f400000|  0%| F|  |TAMS 0x000000070f200000| PB 0x000000070f200000| Untracked 
|  97|0x000000070f400000, 0x000000070f400000, 0x000000070f600000|  0%| F|  |TAMS 0x000000070f400000| PB 0x000000070f400000| Untracked 
|  98|0x000000070f600000, 0x000000070f600000, 0x000000070f800000|  0%| F|  |TAMS 0x000000070f600000| PB 0x000000070f600000| Untracked 
|  99|0x000000070f800000, 0x000000070f800000, 0x000000070fa00000|  0%| F|  |TAMS 0x000000070f800000| PB 0x000000070f800000| Untracked 
| 100|0x000000070fa00000, 0x000000070fa00000, 0x000000070fc00000|  0%| F|  |TAMS 0x000000070fa00000| PB 0x000000070fa00000| Untracked 
| 101|0x000000070fc00000, 0x000000070fc00000, 0x000000070fe00000|  0%| F|  |TAMS 0x000000070fc00000| PB 0x000000070fc00000| Untracked 
| 102|0x000000070fe00000, 0x000000070fe00000, 0x0000000710000000|  0%| F|  |TAMS 0x000000070fe00000| PB 0x000000070fe00000| Untracked 
| 103|0x0000000710000000, 0x0000000710000000, 0x0000000710200000|  0%| F|  |TAMS 0x0000000710000000| PB 0x0000000710000000| Untracked 
| 104|0x0000000710200000, 0x0000000710200000, 0x0000000710400000|  0%| F|  |TAMS 0x0000000710200000| PB 0x0000000710200000| Untracked 
| 105|0x0000000710400000, 0x0000000710400000, 0x0000000710600000|  0%| F|  |TAMS 0x0000000710400000| PB 0x0000000710400000| Untracked 
| 106|0x0000000710600000, 0x0000000710600000, 0x0000000710800000|  0%| F|  |TAMS 0x0000000710600000| PB 0x0000000710600000| Untracked 
| 107|0x0000000710800000, 0x0000000710800000, 0x0000000710a00000|  0%| F|  |TAMS 0x0000000710800000| PB 0x0000000710800000| Untracked 
| 108|0x0000000710a00000, 0x0000000710a00000, 0x0000000710c00000|  0%| F|  |TAMS 0x0000000710a00000| PB 0x0000000710a00000| Untracked 
| 109|0x0000000710c00000, 0x0000000710c00000, 0x0000000710e00000|  0%| F|  |TAMS 0x0000000710c00000| PB 0x0000000710c00000| Untracked 
| 110|0x0000000710e00000, 0x0000000710e00000, 0x0000000711000000|  0%| F|  |TAMS 0x0000000710e00000| PB 0x0000000710e00000| Untracked 
| 111|0x0000000711000000, 0x0000000711000000, 0x0000000711200000|  0%| F|  |TAMS 0x0000000711000000| PB 0x0000000711000000| Untracked 
| 112|0x0000000711200000, 0x0000000711200000, 0x0000000711400000|  0%| F|  |TAMS 0x0000000711200000| PB 0x0000000711200000| Untracked 
| 113|0x0000000711400000, 0x0000000711400000, 0x0000000711600000|  0%| F|  |TAMS 0x0000000711400000| PB 0x0000000711400000| Untracked 
| 114|0x0000000711600000, 0x0000000711600000, 0x0000000711800000|  0%| F|  |TAMS 0x0000000711600000| PB 0x0000000711600000| Untracked 
| 115|0x0000000711800000, 0x0000000711800000, 0x0000000711a00000|  0%| F|  |TAMS 0x0000000711800000| PB 0x0000000711800000| Untracked 
| 116|0x0000000711a00000, 0x0000000711a00000, 0x0000000711c00000|  0%| F|  |TAMS 0x0000000711a00000| PB 0x0000000711a00000| Untracked 
| 117|0x0000000711c00000, 0x0000000711c00000, 0x0000000711e00000|  0%| F|  |TAMS 0x0000000711c00000| PB 0x0000000711c00000| Untracked 
| 118|0x0000000711e00000, 0x0000000711e00000, 0x0000000712000000|  0%| F|  |TAMS 0x0000000711e00000| PB 0x0000000711e00000| Untracked 
| 119|0x0000000712000000, 0x0000000712000000, 0x0000000712200000|  0%| F|  |TAMS 0x0000000712000000| PB 0x0000000712000000| Untracked 
| 120|0x0000000712200000, 0x0000000712200000, 0x0000000712400000|  0%| F|  |TAMS 0x0000000712200000| PB 0x0000000712200000| Untracked 
| 121|0x0000000712400000, 0x0000000712400000, 0x0000000712600000|  0%| F|  |TAMS 0x0000000712400000| PB 0x0000000712400000| Untracked 
| 122|0x0000000712600000, 0x0000000712600000, 0x0000000712800000|  0%| F|  |TAMS 0x0000000712600000| PB 0x0000000712600000| Untracked 
| 123|0x0000000712800000, 0x0000000712800000, 0x0000000712a00000|  0%| F|  |TAMS 0x0000000712800000| PB 0x0000000712800000| Untracked 
| 124|0x0000000712a00000, 0x0000000712c00000, 0x0000000712c00000|100%| E|  |TAMS 0x0000000712a00000| PB 0x0000000712a00000| Complete 
| 125|0x0000000712c00000, 0x0000000712e00000, 0x0000000712e00000|100%| E|CS|TAMS 0x0000000712c00000| PB 0x0000000712c00000| Complete 
| 126|0x0000000712e00000, 0x0000000713000000, 0x0000000713000000|100%| E|CS|TAMS 0x0000000712e00000| PB 0x0000000712e00000| Complete 

Card table byte_map: [0x0000020b9f060000,0x0000020b9f850000] _byte_map_base: 0x0000020b9b847000

Marking Bits: (CMBitMap*) 0x0000020b8522e3d0
 Bits: [0x0000020b9f850000, 0x0000020ba3788000)

Polling page: 0x0000020b85290000

Metaspace:

Usage:
  Non-class:      1.76 MB used.
      Class:    106.34 KB used.
       Both:      1.86 MB used.

Virtual space:
  Non-class space:       64.00 MB reserved,       1.81 MB (  3%) committed,  1 nodes.
      Class space:        1.00 GB reserved,     128.00 KB ( <1%) committed,  1 nodes.
             Both:        1.06 GB reserved,       1.94 MB ( <1%) committed. 

Chunk freelists:
   Non-Class:  11.05 MB
       Class:  15.69 MB
        Both:  26.74 MB

MaxMetaspaceSize: unlimited
CompressedClassSpaceSize: 1.00 GB
Initial GC threshold: 21.00 MB
Current GC threshold: 21.00 MB
CDS: on
 - commit_granule_bytes: 65536.
 - commit_granule_words: 8192.
 - virtual_space_node_default_size: 8388608.
 - enlarge_chunks_in_place: 1.
 - use_allocation_guard: 0.


Internal statistics:

num_allocs_failed_limit: 0.
num_arena_births: 14.
num_arena_deaths: 0.
num_vsnodes_births: 2.
num_vsnodes_deaths: 0.
num_space_committed: 29.
num_space_uncommitted: 0.
num_chunks_returned_to_freelist: 0.
num_chunks_taken_from_freelist: 51.
num_chunk_merges: 0.
num_chunk_splits: 35.
num_chunks_enlarged: 29.
num_inconsistent_stats: 0.

CodeHeap 'non-profiled nmethods': size=120000Kb used=165Kb max_used=165Kb free=119834Kb
 bounds [0x0000020b968d0000, 0x0000020b96b40000, 0x0000020b9de00000]
CodeHeap 'profiled nmethods': size=120000Kb used=673Kb max_used=673Kb free=119326Kb
 bounds [0x0000020b8ee00000, 0x0000020b8f070000, 0x0000020b96330000]
CodeHeap 'non-nmethods': size=5760Kb used=1374Kb max_used=1394Kb free=4385Kb
 bounds [0x0000020b96330000, 0x0000020b965a0000, 0x0000020b968d0000]
 total_blobs=994 nmethods=517 adapters=382
 compilation: enabled
              stopped_count=0, restarted_count=0
 full_count=0

Compilation events (20 events):
Event: 7.132 Thread 0x0000020ba626f3d0  503       3       org.lwjgl.opengl.GL11::glClear (19 bytes)
Event: 7.134 Thread 0x0000020ba6269c80 nmethod 502 0x0000020b968f7e10 code [0x0000020b968f7fa0, 0x0000020b968f8178]
Event: 7.135 Thread 0x0000020ba626f3d0 nmethod 503 0x0000020b8eea4690 code [0x0000020b8eea48c0, 0x0000020b8eea5080]
Event: 7.135 Thread 0x0000020ba626f3d0  508       3       org.lwjgl.opengl.WindowsDisplay::isCloseRequested (12 bytes)
Event: 7.135 Thread 0x0000020ba626f3d0 nmethod 508 0x0000020b8eea5390 code [0x0000020b8eea5520, 0x0000020b8eea5638]
Event: 7.135 Thread 0x0000020ba626f3d0  509       3       org.lwjgl.opengl.GL11::glColor3f (24 bytes)
Event: 7.136 Thread 0x0000020ba6269c80  513       4       org.lwjgl.opengl.GLContext::getCapabilities (20 bytes)
Event: 7.137 Thread 0x0000020ba626f3d0 nmethod 509 0x0000020b8eea5710 code [0x0000020b8eea5940, 0x0000020b8eea6120]
Event: 7.137 Thread 0x0000020ba626f3d0  505       3       org.lwjgl.opengl.GL11::glLoadIdentity (18 bytes)
Event: 7.138 Thread 0x0000020ba6269c80 nmethod 513 0x0000020b968f8210 code [0x0000020b968f83a0, 0x0000020b968f8480]
Event: 7.138 Thread 0x0000020ba6269c80  515       4       org.lwjgl.opengl.WindowsDisplay::isCloseRequested (12 bytes)
Event: 7.138 Thread 0x0000020ba626f3d0 nmethod 505 0x0000020b8eea6410 code [0x0000020b8eea6640, 0x0000020b8eea6de0]
Event: 7.140 Thread 0x0000020ba626f3d0  507   !   3       org.lwjgl.opengl.Display::isCloseRequested (38 bytes)
Event: 7.140 Thread 0x0000020ba6269c80 nmethod 515 0x0000020b968f8590 code [0x0000020b968f8720, 0x0000020b968f87b0]
Event: 7.140 Thread 0x0000020ba6269c80  514       4       org.lwjgl.BufferChecks::checkFunctionAddress (23 bytes)
Event: 7.141 Thread 0x0000020ba626f3d0 nmethod 507 0x0000020b8eea7090 code [0x0000020b8eea7280, 0x0000020b8eea7720]
Event: 7.141 Thread 0x0000020ba626f3d0  511       3       org.lwjgl.opengl.GL11::glPointSize (19 bytes)
Event: 7.141 Thread 0x0000020ba6269c80 nmethod 514 0x0000020b968f8890 code [0x0000020b968f8a20, 0x0000020b968f8ab8]
Event: 7.142 Thread 0x0000020ba626f3d0 nmethod 511 0x0000020b8eea7990 code [0x0000020b8eea7bc0, 0x0000020b8eea8380]
Event: 7.146 Thread 0x0000020ba6269c80  516       4       org.lwjgl.opengl.GL11::glClear (19 bytes)

GC Heap History (0 events):
No events

Dll operation events (7 events):
Event: 0.007 Loaded shared library C:\Program Files\Java\jdk-21\bin\java.dll
Event: 0.041 Loaded shared library C:\Program Files\Java\jdk-21\bin\jsvml.dll
Event: 0.089 Loaded shared library C:\Program Files\Java\jdk-21\bin\net.dll
Event: 0.092 Loaded shared library C:\Program Files\Java\jdk-21\bin\nio.dll
Event: 0.131 Loaded shared library C:\Program Files\Java\jdk-21\bin\zip.dll
Event: 0.146 Loaded shared library C:\Program Files\Java\jdk-21\bin\verify.dll
Event: 0.184 Loaded shared library C:\Users\lkbao\Desktop\CS4450-Computer_Graphic\lwjgl-2.9.2\lwjgl-2.9.2\native\windows\lwjgl64.dll

Deoptimization events (6 events):
Event: 0.880 Thread 0x0000020b84f8c150 Uncommon trap: trap_request=0xffffff45 fr.pc=0x0000020b968e0548 relative=0x0000000000000be8
Event: 0.880 Thread 0x0000020b84f8c150 Uncommon trap: reason=unstable_if action=reinterpret pc=0x0000020b968e0548 method=java.util.HashMap.putVal(ILjava/lang/Object;Ljava/lang/Object;ZZ)Ljava/lang/Object; @ 81 c2
Event: 0.880 Thread 0x0000020b84f8c150 DEOPT PACKING pc=0x0000020b968e0548 sp=0x000000f06fbff130
Event: 0.880 Thread 0x0000020b84f8c150 DEOPT UNPACKING pc=0x0000020b963846a2 sp=0x000000f06fbff0e0 mode 2
Event: 2.914 Thread 0x0000020b84f8c150 DEOPT PACKING pc=0x0000020b8ee8b67c sp=0x000000f06fbff550
Event: 2.914 Thread 0x0000020b84f8c150 DEOPT UNPACKING pc=0x0000020b96384e42 sp=0x000000f06fbfead8 mode 0

Classes loaded (20 events):
Event: 0.457 Loading class sun/nio/cs/Surrogate
Event: 0.457 Loading class sun/nio/cs/Surrogate done
Event: 0.468 Loading class jdk/internal/reflect/MethodHandleIntegerFieldAccessorImpl
Event: 0.468 Loading class jdk/internal/reflect/MethodHandleIntegerFieldAccessorImpl done
Event: 0.754 Loading class java/nio/DirectFloatBufferU
Event: 0.754 Loading class java/nio/DirectFloatBufferU done
Event: 0.754 Loading class java/nio/DirectDoubleBufferU
Event: 0.754 Loading class java/nio/DirectDoubleBufferU done
Event: 0.756 Loading class sun/nio/cs/ISO_8859_1$Encoder
Event: 0.756 Loading class sun/nio/cs/ISO_8859_1$Encoder done
Event: 0.769 Loading class java/util/StringTokenizer
Event: 0.769 Loading class java/util/StringTokenizer done
Event: 0.775 Loading class jdk/internal/foreign/MemorySessionImpl
Event: 0.775 Loading class java/lang/foreign/MemorySegment$Scope
Event: 0.775 Loading class java/lang/foreign/MemorySegment$Scope done
Event: 0.775 Loading class jdk/internal/foreign/MemorySessionImpl done
Event: 0.982 Loading class jdk/internal/event/ThreadSleepEvent
Event: 0.982 Loading class jdk/internal/event/Event
Event: 0.982 Loading class jdk/internal/event/Event done
Event: 0.982 Loading class jdk/internal/event/ThreadSleepEvent done

Classes unloaded (0 events):
No events

Classes redefined (0 events):
No events

Internal exceptions (3 events):
Event: 0.094 Thread 0x0000020b84f8c150 Exception <a 'sun/nio/fs/WindowsException'{0x0000000712c7d0f8}> (0x0000000712c7d0f8) 
thrown [s\open\src\hotspot\share\prims\jni.cpp, line 520]
Event: 0.098 Thread 0x0000020b84f8c150 Exception <a 'sun/nio/fs/WindowsException'{0x0000000712c7f570}> (0x0000000712c7f570) 
thrown [s\open\src\hotspot\share\prims\jni.cpp, line 520]
Event: 0.468 Thread 0x0000020b84f8c150 Exception <a 'java/lang/NoSuchMethodError'{0x0000000712a06f60}: 'int java.lang.invoke.Invokers$Holder.invokeExact_MT(java.lang.Object, java.lang.Object)'> (0x0000000712a06f60) 
thrown [s\open\src\hotspot\share\interpreter\linkResolver.cpp, line 773]

ZGC Phase Switch (0 events):
No events

VM Operations (6 events):
Event: 0.100 Executing VM operation: HandshakeAllThreads (Deoptimize)
Event: 0.100 Executing VM operation: HandshakeAllThreads (Deoptimize) done
Event: 1.105 Executing VM operation: Cleanup
Event: 1.105 Executing VM operation: Cleanup done
Event: 7.108 Executing VM operation: Cleanup
Event: 7.108 Executing VM operation: Cleanup done

Events (14 events):
Event: 0.024 Thread 0x0000020b84f8c150 Thread added: 0x0000020b84f8c150
Event: 0.039 Thread 0x0000020ba6258b40 Thread added: 0x0000020ba6258b40
Event: 0.039 Thread 0x0000020ba625a960 Thread added: 0x0000020ba625a960
Event: 0.039 Thread 0x0000020ba625cca0 Thread added: 0x0000020ba625cca0
Event: 0.039 Thread 0x0000020ba62638d0 Thread added: 0x0000020ba62638d0
Event: 0.039 Thread 0x0000020ba6262520 Thread added: 0x0000020ba6262520
Event: 0.039 Thread 0x0000020ba6263f60 Thread added: 0x0000020ba6263f60
Event: 0.039 Thread 0x0000020ba6269c80 Thread added: 0x0000020ba6269c80
Event: 0.039 Thread 0x0000020ba626f3d0 Thread added: 0x0000020ba626f3d0
Event: 0.069 Thread 0x0000020ba6260ae0 Thread added: 0x0000020ba6260ae0
Event: 0.123 Thread 0x0000020ba6261800 Thread added: 0x0000020ba6261800
Event: 0.941 Thread 0x0000020bed652020 Thread added: 0x0000020bed652020
Event: 0.982 Thread 0x0000020ba6262bb0 Thread added: 0x0000020ba6262bb0
Event: 1.197 Thread 0x0000020bed652020 Thread exited: 0x0000020bed652020


Dynamic libraries:
0x00007ff682670000 - 0x00007ff682680000 	C:\Program Files\Java\jdk-21\bin\java.exe
0x00007ffdf3230000 - 0x00007ffdf3447000 	C:\WINDOWS\SYSTEM32\ntdll.dll
0x00007ffdf2700000 - 0x00007ffdf27c4000 	C:\WINDOWS\System32\KERNEL32.DLL
0x00007ffdf0a10000 - 0x00007ffdf0db6000 	C:\WINDOWS\System32\KERNELBASE.dll
0x00007ffdf0e60000 - 0x00007ffdf0f71000 	C:\WINDOWS\System32\ucrtbase.dll
0x00007ffdd6fb0000 - 0x00007ffdd6fcb000 	C:\Program Files\Java\jdk-21\bin\VCRUNTIME140.dll
0x00007ffde2680000 - 0x00007ffde2699000 	C:\Program Files\Java\jdk-21\bin\jli.dll
0x00007ffdf2d00000 - 0x00007ffdf2db3000 	C:\WINDOWS\System32\ADVAPI32.dll
0x00007ffdf1df0000 - 0x00007ffdf1e97000 	C:\WINDOWS\System32\msvcrt.dll
0x00007ffdf18e0000 - 0x00007ffdf1988000 	C:\WINDOWS\System32\sechost.dll
0x00007ffdf0920000 - 0x00007ffdf0948000 	C:\WINDOWS\System32\bcrypt.dll
0x00007ffdf0f90000 - 0x00007ffdf10a7000 	C:\WINDOWS\System32\RPCRT4.dll
0x00007ffdf2b50000 - 0x00007ffdf2cfe000 	C:\WINDOWS\System32\USER32.dll
0x00007ffdd5f70000 - 0x00007ffdd6203000 	C:\WINDOWS\WinSxS\amd64_microsoft.windows.common-controls_6595b64144ccf1df_6.0.22621.2506_none_270c5ae97388e100\COMCTL32.dll
0x00007ffdf08f0000 - 0x00007ffdf0916000 	C:\WINDOWS\System32\win32u.dll
0x00007ffdf17b0000 - 0x00007ffdf17d9000 	C:\WINDOWS\System32\GDI32.dll
0x00007ffdf07d0000 - 0x00007ffdf08e8000 	C:\WINDOWS\System32\gdi32full.dll
0x00007ffdf0dc0000 - 0x00007ffdf0e5a000 	C:\WINDOWS\System32\msvcp_win.dll
0x00007ffde7a50000 - 0x00007ffde7a5a000 	C:\WINDOWS\SYSTEM32\VERSION.dll
0x00007ffdf2b10000 - 0x00007ffdf2b41000 	C:\WINDOWS\System32\IMM32.DLL
0x00007ffded170000 - 0x00007ffded17c000 	C:\Program Files\Java\jdk-21\bin\vcruntime140_1.dll
0x00007ffdcdfa0000 - 0x00007ffdce02e000 	C:\Program Files\Java\jdk-21\bin\msvcp140.dll
0x00007ffd72ec0000 - 0x00007ffd73bd7000 	C:\Program Files\Java\jdk-21\bin\server\jvm.dll
0x00007ffdf1d20000 - 0x00007ffdf1d91000 	C:\WINDOWS\System32\WS2_32.dll
0x00007ffdef3f0000 - 0x00007ffdef43d000 	C:\WINDOWS\SYSTEM32\POWRPROF.dll
0x00007ffde8b90000 - 0x00007ffde8bc4000 	C:\WINDOWS\SYSTEM32\WINMM.dll
0x00007ffdef3d0000 - 0x00007ffdef3e3000 	C:\WINDOWS\SYSTEM32\UMPDC.dll
0x00007ffdef690000 - 0x00007ffdef6a8000 	C:\WINDOWS\SYSTEM32\kernel.appcore.dll
0x00007ffdea530000 - 0x00007ffdea53a000 	C:\Program Files\Java\jdk-21\bin\jimage.dll
0x00007ffded8f0000 - 0x00007ffdedb23000 	C:\WINDOWS\SYSTEM32\DBGHELP.DLL
0x00007ffdf1990000 - 0x00007ffdf1d19000 	C:\WINDOWS\System32\combase.dll
0x00007ffdf30b0000 - 0x00007ffdf3187000 	C:\WINDOWS\System32\OLEAUT32.dll
0x00007ffddbb70000 - 0x00007ffddbba2000 	C:\WINDOWS\SYSTEM32\dbgcore.DLL
0x00007ffdf0570000 - 0x00007ffdf05ea000 	C:\WINDOWS\System32\bcryptPrimitives.dll
0x00007ffdd6f50000 - 0x00007ffdd6f6f000 	C:\Program Files\Java\jdk-21\bin\java.dll
0x00007ffdf1ea0000 - 0x00007ffdf26fa000 	C:\WINDOWS\System32\SHELL32.dll
0x00007ffdee4d0000 - 0x00007ffdeedc6000 	C:\WINDOWS\SYSTEM32\windows.storage.dll
0x00007ffdee390000 - 0x00007ffdee4ce000 	C:\WINDOWS\SYSTEM32\wintypes.dll
0x00007ffdf1550000 - 0x00007ffdf1643000 	C:\WINDOWS\System32\SHCORE.dll
0x00007ffdf2dc0000 - 0x00007ffdf2e1e000 	C:\WINDOWS\System32\shlwapi.dll
0x00007ffdf04a0000 - 0x00007ffdf04c6000 	C:\WINDOWS\SYSTEM32\profapi.dll
0x00007ffdd6e70000 - 0x00007ffdd6f47000 	C:\Program Files\Java\jdk-21\bin\jsvml.dll
0x00007ffdd6e60000 - 0x00007ffdd6e70000 	C:\Program Files\Java\jdk-21\bin\net.dll
0x00007ffdeada0000 - 0x00007ffdeaed7000 	C:\WINDOWS\SYSTEM32\WINHTTP.dll
0x00007ffdefb10000 - 0x00007ffdefb79000 	C:\WINDOWS\system32\mswsock.dll
0x00007ffdd6e40000 - 0x00007ffdd6e56000 	C:\Program Files\Java\jdk-21\bin\nio.dll
0x00007ffdd6e20000 - 0x00007ffdd6e38000 	C:\Program Files\Java\jdk-21\bin\zip.dll
0x00007ffdd6dc0000 - 0x00007ffdd6dd0000 	C:\Program Files\Java\jdk-21\bin\verify.dll
0x0000000180000000 - 0x0000000180053000 	C:\Users\lkbao\Desktop\CS4450-Computer_Graphic\lwjgl-2.9.2\lwjgl-2.9.2\native\windows\lwjgl64.dll
0x00007ffdd77d0000 - 0x00007ffdd78d0000 	C:\WINDOWS\SYSTEM32\OPENGL32.dll
0x00007ffde2cb0000 - 0x00007ffde2cdd000 	C:\WINDOWS\SYSTEM32\GLU32.dll
0x00007ffdedce0000 - 0x00007ffdedd16000 	C:\WINDOWS\SYSTEM32\dxcore.dll
0x00007ffdea8a0000 - 0x00007ffdea95c000 	C:\WINDOWS\SYSTEM32\mscms.dll
0x00007ffded6e0000 - 0x00007ffded78b000 	C:\WINDOWS\system32\uxtheme.dll
0x00007ffdf1650000 - 0x00007ffdf17a0000 	C:\WINDOWS\System32\MSCTF.dll
0x00007ffdea670000 - 0x00007ffdea6ba000 	C:\WINDOWS\SYSTEM32\directxdatabasehelper.dll
0x00007ffd8f7f0000 - 0x00007ffd907f9000 	C:\Windows\System32\DriverStore\FileRepository\iigd_dch.inf_amd64_4a29ab6b0bf7b411\ig9icd64.dll
0x00007ffdf2e20000 - 0x00007ffdf2fc0000 	C:\WINDOWS\System32\ole32.dll
0x00007ffdedc70000 - 0x00007ffdedc9b000 	C:\WINDOWS\system32\dwmapi.dll
0x00007ffdedb60000 - 0x00007ffdedc58000 	C:\WINDOWS\system32\dxgi.dll
0x00007ffdaca90000 - 0x00007ffdace89000 	C:\Windows\System32\DriverStore\FileRepository\iigd_dch.inf_amd64_4a29ab6b0bf7b411\igdml64.dll
0x00007ffde3560000 - 0x00007ffde3824000 	C:\Windows\System32\DriverStore\FileRepository\iigd_dch.inf_amd64_4a29ab6b0bf7b411\igdgmm64.dll
0x00007ffde8c70000 - 0x00007ffde8dba000 	C:\WINDOWS\SYSTEM32\textinputframework.dll
0x00007ffded200000 - 0x00007ffded334000 	C:\WINDOWS\SYSTEM32\CoreMessaging.dll
0x00007ffde9930000 - 0x00007ffde9c9c000 	C:\WINDOWS\SYSTEM32\CoreUIComponents.dll
0x00007ffdefd80000 - 0x00007ffdefd8c000 	C:\WINDOWS\SYSTEM32\CRYPTBASE.DLL
0x00007ffdc7cb0000 - 0x00007ffdc7d19000 	C:\WINDOWS\system32\Oleacc.dll
0x00007ffdd7070000 - 0x00007ffdd70b9000 	C:\WINDOWS\SYSTEM32\icm32.dll
0x00007ffdde280000 - 0x00007ffde0e14000 	C:\Windows\System32\DriverStore\FileRepository\iigd_dch.inf_amd64_4a29ab6b0bf7b411\igc64.dll

dbghelp: loaded successfully - version: 4.0.5 - missing functions: none
symbol engine: initialized successfully - sym options: 0x614 - pdb path: .;C:\Program Files\Java\jdk-21\bin;C:\WINDOWS\SYSTEM32;C:\WINDOWS\WinSxS\amd64_microsoft.windows.common-controls_6595b64144ccf1df_6.0.22621.2506_none_270c5ae97388e100;C:\Program Files\Java\jdk-21\bin\server;C:\Users\lkbao\Desktop\CS4450-Computer_Graphic\lwjgl-2.9.2\lwjgl-2.9.2\native\windows;C:\Windows\System32\DriverStore\FileRepository\iigd_dch.inf_amd64_4a29ab6b0bf7b411

VM Arguments:
jvm_args: -Dfile.encoding=UTF-8 -Djava.library.path=C:/Users/lkbao/Desktop/CS4450-Computer_Graphic/lwjgl-2.9.2/lwjgl-2.9.2/native/windows --module-path=C:\Users\lkbao\Desktop\CS4450-Computer_Graphic\BasicDraw\build\classes 
java_command: basicdraw.BasicDraw coordinates.txt
java_class_path (initial): C:\Users\lkbao\Desktop\CS4450-Computer_Graphic\lwjgl-2.9.2\lwjgl-2.9.2\jar\jinput.jar;C:\Users\lkbao\Desktop\CS4450-Computer_Graphic\lwjgl-2.9.2\lwjgl-2.9.2\jar\lwjgl.jar;C:\Users\lkbao\Desktop\CS4450-Computer_Graphic\lwjgl-2.9.2\lwjgl-2.9.2\jar\lwjgl_util.jar;C:\Users\lkbao\Desktop\CS4450-Computer_Graphic\BasicDraw\build\classes
Launcher Type: SUN_STANDARD

[Global flags]
     intx CICompilerCount                          = 4                                         {product} {ergonomic}
     uint ConcGCThreads                            = 2                                         {product} {ergonomic}
     uint G1ConcRefinementThreads                  = 8                                         {product} {ergonomic}
   size_t G1HeapRegionSize                         = 2097152                                   {product} {ergonomic}
    uintx GCDrainStackTargetSize                   = 64                                        {product} {ergonomic}
   size_t InitialHeapSize                          = 266338304                                 {product} {ergonomic}
   size_t MarkStackSize                            = 4194304                                   {product} {ergonomic}
   size_t MaxHeapSize                              = 4242538496                                {product} {ergonomic}
   size_t MaxNewSize                               = 2543845376                                {product} {ergonomic}
   size_t MinHeapDeltaBytes                        = 2097152                                   {product} {ergonomic}
   size_t MinHeapSize                              = 8388608                                   {product} {ergonomic}
    uintx NonNMethodCodeHeapSize                   = 5839372                                {pd product} {ergonomic}
    uintx NonProfiledCodeHeapSize                  = 122909434                              {pd product} {ergonomic}
    uintx ProfiledCodeHeapSize                     = 122909434                              {pd product} {ergonomic}
    uintx ReservedCodeCacheSize                    = 251658240                              {pd product} {ergonomic}
     bool SegmentedCodeCache                       = true                                      {product} {ergonomic}
   size_t SoftMaxHeapSize                          = 4242538496                             {manageable} {ergonomic}
     bool UseCompressedOops                        = true                           {product lp64_product} {ergonomic}
     bool UseG1GC                                  = true                                      {product} {ergonomic}
     bool UseLargePagesIndividualAllocation        = false                                  {pd product} {ergonomic}

Logging:
Log output configuration:
 #0: stdout all=warning uptime,level,tags foldmultilines=false
 #1: stderr all=off uptime,level,tags foldmultilines=false

Environment Variables:
PATH=C:\Program Files\Common Files\Oracle\Java\javapath;C:\Program Files\Eclipse Adoptium\jdk-17.0.4.101-hotspot\bin;C:\Windows\system32;C:\Windows;C:\Windows\System32\Wbem;C:\Windows\System32\WindowsPowerShell\v1.0\;C:\Windows\System32\OpenSSH\;C:\Program Files (x86)\NVIDIA Corporation\PhysX\Common;C:\WINDOWS\system32;C:\WINDOWS;C:\WINDOWS\System32\Wbem;C:\WINDOWS\System32\WindowsPowerShell\v1.0\;C:\WINDOWS\System32\OpenSSH\;C:\Program Files\dotnet\;C:\Program Files (x86)\Gpg4win\..\GnuPG\bin;C:\Program Files\MySQL\MySQL Shell 8.0\bin\;C:\Users\lkbao\AppData\Local\Microsoft\WindowsApps;C:\Users\lkbao\AppData\Local\Programs\Microsoft VS Code\bin;C:\MinGW\bin;C:\Users\lkbao\AppData\Local\Programs\Git\cmd;;C:\Program Files\JetBrains\IntelliJ IDEA Community Edition 2023.1.1\bin;;C:\Users\lkbao\AppData\Local\Programs\oh-my-posh\bin
USERNAME=AN LEEK
OS=Windows_NT
PROCESSOR_IDENTIFIER=Intel64 Family 6 Model 142 Stepping 12, GenuineIntel
TMP=C:\Users\lkbao\AppData\Local\Temp
TEMP=C:\Users\lkbao\AppData\Local\Temp




Periodic native trim disabled

---------------  S Y S T E M  ---------------

OS:
 Windows 11 , 64 bit Build 22621 (10.0.22621.2506)
OS uptime: 11 days 18:15 hours

CPU: total 8 (initial active 8) (4 cores per cpu, 2 threads per core) family 6 model 142 stepping 12 microcode 0xde, cx8, cmov, fxsr, ht, mmx, 3dnowpref, sse, sse2, sse3, ssse3, sse4.1, sse4.2, popcnt, lzcnt, tsc, tscinvbit, avx, avx2, aes, erms, clmul, bmi1, bmi2, adx, fma, vzeroupper, clflush, clflushopt, rdtscp, f16c
Processor Information for processor 0
  Max Mhz: 2304, Current Mhz: 1502, Mhz Limit: 1797
Processor Information for processor 1
  Max Mhz: 2304, Current Mhz: 1502, Mhz Limit: 1797
Processor Information for processor 2
  Max Mhz: 2304, Current Mhz: 1803, Mhz Limit: 1797
Processor Information for processor 3
  Max Mhz: 2304, Current Mhz: 1502, Mhz Limit: 1797
Processor Information for processor 4
  Max Mhz: 2304, Current Mhz: 1803, Mhz Limit: 1797
Processor Information for processor 5
  Max Mhz: 2304, Current Mhz: 1502, Mhz Limit: 1797
Processor Information for processor 6
  Max Mhz: 2304, Current Mhz: 1803, Mhz Limit: 1797
Processor Information for processor 7
  Max Mhz: 2304, Current Mhz: 1502, Mhz Limit: 1797

Memory: 4k page, system-wide physical 16182M (7408M free)
TotalPageFile size 18358M (AvailPageFile size 7495M)
current process WorkingSet (physical memory assigned to process): 83M, peak: 85M
current process commit charge ("private bytes"): 351M, peak: 353M

vm_info: Java HotSpot(TM) 64-Bit Server VM (21.0.2+13-LTS-58) for windows-amd64 JRE (21.0.2+13-LTS-58), built on 2024-01-05T18:32:24Z by "mach5one" with MS VC++ 17.1 (VS2022)

END.
